This file contains any messages produced by compilers while
running configure, to aid debugging if configure makes a mistake.

It was created by libusb configure 1.0.20, which was
generated by GNU Autoconf 2.69.  Invocation command line was

  $ ./configure --enable-maintainer-mode --enable-examples-build --enable-tests-build --host=arm-linux-androideabi --with-sysroot=/home/enea/Downloads/android-ndk-r11c/platforms/android-24/arch-arm --prefix=/home/enea/Downloads/libusb-master/out/lib

## --------- ##
## Platform. ##
## --------- ##

hostname = cocoha2-enea
uname -m = x86_64
uname -r = 4.2.0-35-generic
uname -s = Linux
uname -v = #40~14.04.1-Ubuntu SMP Fri Mar 18 16:37:35 UTC 2016

/usr/bin/uname -p = unknown
/bin/uname -X     = unknown

/bin/arch              = unknown
/usr/bin/arch -k       = unknown
/usr/convex/getsysinfo = unknown
/usr/bin/hostinfo      = unknown
/bin/machine           = unknown
/usr/bin/oslevel       = unknown
/bin/universe          = unknown

PATH: /usr/local/cuda-7.5/bin
PATH: /usr/local/sbin
PATH: /usr/local/bin
PATH: /usr/sbin
PATH: /usr/bin
PATH: /sbin
PATH: /bin
PATH: /usr/games
PATH: /usr/local/games
PATH: /usr/local/java/jre1.8.0_77/bin
PATH: /usr/local/java/jdk1.8.0_77/bin
PATH: /home/enea/usr/local/android-studio/bin/
PATH: /home/enea/Android/Sdk/tools
PATH: /home/enea/Android/Sdk/platform-tools
PATH: /home/enea/Downloads/android-ndk-r11c
PATH: /usr/local/MATLAB/R2015b/bin/


## ----------- ##
## Core tests. ##
## ----------- ##

configure:2557: checking for a BSD-compatible install
configure:2625: result: /usr/bin/install -c
configure:2636: checking whether build environment is sane
configure:2691: result: yes
configure:2750: checking for arm-linux-androideabi-strip
configure:2780: result: no
configure:2790: checking for strip
configure:2806: found /usr/bin/strip
configure:2817: result: strip
configure:2842: checking for a thread-safe mkdir -p
configure:2881: result: /bin/mkdir -p
configure:2888: checking for gawk
configure:2904: found /usr/bin/gawk
configure:2915: result: gawk
configure:2926: checking whether make sets $(MAKE)
configure:2948: result: yes
configure:2977: checking whether make supports nested variables
configure:2994: result: yes
configure:3120: checking whether to enable maintainer-specific portions of Makefiles
configure:3129: result: yes
configure:3158: checking whether make supports nested variables
configure:3175: result: yes
configure:3196: checking for arm-linux-androideabi-gcc
configure:3223: result: /home/enea/Downloads/android-ndk-r11c/toolchains/arm-linux-androideabi-4.9/prebuilt/linux-x86_64//bin/arm-linux-androideabi-gcc
configure:3492: checking for C compiler version
configure:3501: /home/enea/Downloads/android-ndk-r11c/toolchains/arm-linux-androideabi-4.9/prebuilt/linux-x86_64//bin/arm-linux-androideabi-gcc --version >&5
arm-linux-androideabi-gcc (GCC) 4.9 20150123 (prerelease)
Copyright (C) 2014 Free Software Foundation, Inc.
This is free software; see the source for copying conditions.  There is NO
warranty; not even for MERCHANTABILITY or FITNESS FOR A PARTICULAR PURPOSE.

configure:3512: $? = 0
configure:3501: /home/enea/Downloads/android-ndk-r11c/toolchains/arm-linux-androideabi-4.9/prebuilt/linux-x86_64//bin/arm-linux-androideabi-gcc -v >&5
Using built-in specs.
COLLECT_GCC=/home/enea/Downloads/android-ndk-r11c/toolchains/arm-linux-androideabi-4.9/prebuilt/linux-x86_64//bin/arm-linux-androideabi-gcc
COLLECT_LTO_WRAPPER=/home/enea/Downloads/android-ndk-r11c/toolchains/arm-linux-androideabi-4.9/prebuilt/linux-x86_64/bin/../libexec/gcc/arm-linux-androideabi/4.9/lto-wrapper
Target: arm-linux-androideabi
Configured with: /usr/local/google/buildbot/src/android/gcc/toolchain/build/../gcc/gcc-4.9/configure --prefix=/tmp/002ff922da42f0f80603ab1715cd43d4 --target=arm-linux-androideabi --host=x86_64-linux-gnu --build=x86_64-linux-gnu --with-gnu-as --with-gnu-ld --enable-languages=c,c++ --with-gmp=/buildbot/tmp/build/toolchain/temp-install --with-mpfr=/buildbot/tmp/build/toolchain/temp-install --with-mpc=/buildbot/tmp/build/toolchain/temp-install --with-cloog=/buildbot/tmp/build/toolchain/temp-install --with-isl=/buildbot/tmp/build/toolchain/temp-install --with-ppl=/buildbot/tmp/build/toolchain/temp-install --disable-ppl-version-check --disable-cloog-version-check --disable-isl-version-check --enable-cloog-backend=isl --with-host-libstdcxx='-static-libgcc -Wl,-Bstatic,-lstdc++,-Bdynamic -lm' --disable-libssp --enable-threads --disable-nls --disable-libmudflap --disable-libgomp --disable-libstdc__-v3 --disable-sjlj-exceptions --disable-shared --disable-tls --disable-libitm --with-float=soft --with-fpu=vfp --with-arch=armv5te --enable-target-optspace --enable-initfini-array --disable-nls --prefix=/tmp/002ff922da42f0f80603ab1715cd43d4 --with-sysroot=/tmp/002ff922da42f0f80603ab1715cd43d4/sysroot --with-binutils-version=2.25 --with-mpfr-version=3.1.1 --with-mpc-version=1.0.1 --with-gmp-version=5.0.5 --with-gcc-version=4.9 --with-gdb-version=none --with-gxx-include-dir=/tmp/002ff922da42f0f80603ab1715cd43d4/include/c++/4.9 --with-bugurl=http://source.android.com/source/report-bugs.html --enable-languages=c,c++ --disable-bootstrap --enable-plugins --enable-libgomp --enable-gnu-indirect-function --disable-libsanitizer --enable-gold --enable-threads --enable-eh-frame-hdr-for-static --enable-graphite=yes --with-isl-version=0.11.1 --with-cloog-version=0.18.0 --with-arch=armv5te --program-transform-name='s&^&arm-linux-androideabi-&' --enable-gold=default
Thread model: posix
gcc version 4.9 20150123 (prerelease) (GCC) 
configure:3512: $? = 0
configure:3501: /home/enea/Downloads/android-ndk-r11c/toolchains/arm-linux-androideabi-4.9/prebuilt/linux-x86_64//bin/arm-linux-androideabi-gcc -V >&5
arm-linux-androideabi-gcc: error: unrecognized command line option '-V'
arm-linux-androideabi-gcc: fatal error: no input files
compilation terminated.
configure:3512: $? = 1
configure:3501: /home/enea/Downloads/android-ndk-r11c/toolchains/arm-linux-androideabi-4.9/prebuilt/linux-x86_64//bin/arm-linux-androideabi-gcc -qversion >&5
arm-linux-androideabi-gcc: error: unrecognized command line option '-qversion'
arm-linux-androideabi-gcc: fatal error: no input files
compilation terminated.
configure:3512: $? = 1
configure:3532: checking whether the C compiler works
configure:3554: /home/enea/Downloads/android-ndk-r11c/toolchains/arm-linux-androideabi-4.9/prebuilt/linux-x86_64//bin/arm-linux-androideabi-gcc  -fPIC --sysroot=/home/enea/Downloads/android-ndk-r11c/platforms/android-24/arch-arm -I/home/enea/Downloads/android-ndk-r11c/platforms/android-24/arch-arm/usr/include -I/home/enea/Downloads/android-ndk-r11c/toolchains/arm-linux-androideabi-4.9/prebuilt/linux-x86_64//include  -fPIC --sysroot=/home/enea/Downloads/android-ndk-r11c/platforms/android-24/arch-arm -I/home/enea/Downloads/android-ndk-r11c/platforms/android-24/arch-arm/usr/include -I/home/enea/Downloads/android-ndk-r11c/toolchains/arm-linux-androideabi-4.9/prebuilt/linux-x86_64//include  -fPIE -L/home/enea/Downloads/android-ndk-r11c/platforms/android-24/arch-arm/usr/lib -L/home/enea/Downloads/android-ndk-r11c/toolchains/arm-linux-androideabi-4.9/prebuilt/linux-x86_64//lib conftest.c  >&5
configure:3558: $? = 0
configure:3606: result: yes
configure:3609: checking for C compiler default output file name
configure:3611: result: a.out
configure:3617: checking for suffix of executables
configure:3624: /home/enea/Downloads/android-ndk-r11c/toolchains/arm-linux-androideabi-4.9/prebuilt/linux-x86_64//bin/arm-linux-androideabi-gcc -o conftest  -fPIC --sysroot=/home/enea/Downloads/android-ndk-r11c/platforms/android-24/arch-arm -I/home/enea/Downloads/android-ndk-r11c/platforms/android-24/arch-arm/usr/include -I/home/enea/Downloads/android-ndk-r11c/toolchains/arm-linux-androideabi-4.9/prebuilt/linux-x86_64//include  -fPIC --sysroot=/home/enea/Downloads/android-ndk-r11c/platforms/android-24/arch-arm -I/home/enea/Downloads/android-ndk-r11c/platforms/android-24/arch-arm/usr/include -I/home/enea/Downloads/android-ndk-r11c/toolchains/arm-linux-androideabi-4.9/prebuilt/linux-x86_64//include  -fPIE -L/home/enea/Downloads/android-ndk-r11c/platforms/android-24/arch-arm/usr/lib -L/home/enea/Downloads/android-ndk-r11c/toolchains/arm-linux-androideabi-4.9/prebuilt/linux-x86_64//lib conftest.c  >&5
configure:3628: $? = 0
configure:3650: result: 
configure:3672: checking whether we are cross compiling
configure:3680: /home/enea/Downloads/android-ndk-r11c/toolchains/arm-linux-androideabi-4.9/prebuilt/linux-x86_64//bin/arm-linux-androideabi-gcc -o conftest  -fPIC --sysroot=/home/enea/Downloads/android-ndk-r11c/platforms/android-24/arch-arm -I/home/enea/Downloads/android-ndk-r11c/platforms/android-24/arch-arm/usr/include -I/home/enea/Downloads/android-ndk-r11c/toolchains/arm-linux-androideabi-4.9/prebuilt/linux-x86_64//include  -fPIC --sysroot=/home/enea/Downloads/android-ndk-r11c/platforms/android-24/arch-arm -I/home/enea/Downloads/android-ndk-r11c/platforms/android-24/arch-arm/usr/include -I/home/enea/Downloads/android-ndk-r11c/toolchains/arm-linux-androideabi-4.9/prebuilt/linux-x86_64//include  -fPIE -L/home/enea/Downloads/android-ndk-r11c/platforms/android-24/arch-arm/usr/lib -L/home/enea/Downloads/android-ndk-r11c/toolchains/arm-linux-androideabi-4.9/prebuilt/linux-x86_64//lib conftest.c  >&5
configure:3684: $? = 0
configure:3691: ./conftest
./configure: line 3693: ./conftest: cannot execute binary file: Exec format error
configure:3695: $? = 126
configure:3710: result: yes
configure:3715: checking for suffix of object files
configure:3737: /home/enea/Downloads/android-ndk-r11c/toolchains/arm-linux-androideabi-4.9/prebuilt/linux-x86_64//bin/arm-linux-androideabi-gcc -c  -fPIC --sysroot=/home/enea/Downloads/android-ndk-r11c/platforms/android-24/arch-arm -I/home/enea/Downloads/android-ndk-r11c/platforms/android-24/arch-arm/usr/include -I/home/enea/Downloads/android-ndk-r11c/toolchains/arm-linux-androideabi-4.9/prebuilt/linux-x86_64//include  -fPIC --sysroot=/home/enea/Downloads/android-ndk-r11c/platforms/android-24/arch-arm -I/home/enea/Downloads/android-ndk-r11c/platforms/android-24/arch-arm/usr/include -I/home/enea/Downloads/android-ndk-r11c/toolchains/arm-linux-androideabi-4.9/prebuilt/linux-x86_64//include conftest.c >&5
configure:3741: $? = 0
configure:3762: result: o
configure:3766: checking whether we are using the GNU C compiler
configure:3785: /home/enea/Downloads/android-ndk-r11c/toolchains/arm-linux-androideabi-4.9/prebuilt/linux-x86_64//bin/arm-linux-androideabi-gcc -c  -fPIC --sysroot=/home/enea/Downloads/android-ndk-r11c/platforms/android-24/arch-arm -I/home/enea/Downloads/android-ndk-r11c/platforms/android-24/arch-arm/usr/include -I/home/enea/Downloads/android-ndk-r11c/toolchains/arm-linux-androideabi-4.9/prebuilt/linux-x86_64//include  -fPIC --sysroot=/home/enea/Downloads/android-ndk-r11c/platforms/android-24/arch-arm -I/home/enea/Downloads/android-ndk-r11c/platforms/android-24/arch-arm/usr/include -I/home/enea/Downloads/android-ndk-r11c/toolchains/arm-linux-androideabi-4.9/prebuilt/linux-x86_64//include conftest.c >&5
configure:3785: $? = 0
configure:3794: result: yes
configure:3803: checking whether /home/enea/Downloads/android-ndk-r11c/toolchains/arm-linux-androideabi-4.9/prebuilt/linux-x86_64//bin/arm-linux-androideabi-gcc accepts -g
configure:3823: /home/enea/Downloads/android-ndk-r11c/toolchains/arm-linux-androideabi-4.9/prebuilt/linux-x86_64//bin/arm-linux-androideabi-gcc -c -g  -fPIC --sysroot=/home/enea/Downloads/android-ndk-r11c/platforms/android-24/arch-arm -I/home/enea/Downloads/android-ndk-r11c/platforms/android-24/arch-arm/usr/include -I/home/enea/Downloads/android-ndk-r11c/toolchains/arm-linux-androideabi-4.9/prebuilt/linux-x86_64//include conftest.c >&5
configure:3823: $? = 0
configure:3864: result: yes
configure:3881: checking for /home/enea/Downloads/android-ndk-r11c/toolchains/arm-linux-androideabi-4.9/prebuilt/linux-x86_64//bin/arm-linux-androideabi-gcc option to accept ISO C89
configure:3944: /home/enea/Downloads/android-ndk-r11c/toolchains/arm-linux-androideabi-4.9/prebuilt/linux-x86_64//bin/arm-linux-androideabi-gcc  -c  -fPIC --sysroot=/home/enea/Downloads/android-ndk-r11c/platforms/android-24/arch-arm -I/home/enea/Downloads/android-ndk-r11c/platforms/android-24/arch-arm/usr/include -I/home/enea/Downloads/android-ndk-r11c/toolchains/arm-linux-androideabi-4.9/prebuilt/linux-x86_64//include  -fPIC --sysroot=/home/enea/Downloads/android-ndk-r11c/platforms/android-24/arch-arm -I/home/enea/Downloads/android-ndk-r11c/platforms/android-24/arch-arm/usr/include -I/home/enea/Downloads/android-ndk-r11c/toolchains/arm-linux-androideabi-4.9/prebuilt/linux-x86_64//include conftest.c >&5
configure:3944: $? = 0
configure:3957: result: none needed
configure:3982: checking whether /home/enea/Downloads/android-ndk-r11c/toolchains/arm-linux-androideabi-4.9/prebuilt/linux-x86_64//bin/arm-linux-androideabi-gcc understands -c and -o together
configure:4004: /home/enea/Downloads/android-ndk-r11c/toolchains/arm-linux-androideabi-4.9/prebuilt/linux-x86_64//bin/arm-linux-androideabi-gcc -c conftest.c -o conftest2.o
configure:4007: $? = 0
configure:4004: /home/enea/Downloads/android-ndk-r11c/toolchains/arm-linux-androideabi-4.9/prebuilt/linux-x86_64//bin/arm-linux-androideabi-gcc -c conftest.c -o conftest2.o
configure:4007: $? = 0
configure:4019: result: yes
configure:4047: checking for style of include used by make
configure:4075: result: GNU
configure:4101: checking dependency style of /home/enea/Downloads/android-ndk-r11c/toolchains/arm-linux-androideabi-4.9/prebuilt/linux-x86_64//bin/arm-linux-androideabi-gcc
configure:4212: result: gcc3
configure:4339: checking for C++ compiler version
configure:4348: /home/enea/Downloads/android-ndk-r11c/toolchains/arm-linux-androideabi-4.9/prebuilt/linux-x86_64//bin/arm-linux-androideabi-g++ --version >&5
arm-linux-androideabi-g++ (GCC) 4.9 20150123 (prerelease)
Copyright (C) 2014 Free Software Foundation, Inc.
This is free software; see the source for copying conditions.  There is NO
warranty; not even for MERCHANTABILITY or FITNESS FOR A PARTICULAR PURPOSE.

configure:4359: $? = 0
configure:4348: /home/enea/Downloads/android-ndk-r11c/toolchains/arm-linux-androideabi-4.9/prebuilt/linux-x86_64//bin/arm-linux-androideabi-g++ -v >&5
Using built-in specs.
COLLECT_GCC=/home/enea/Downloads/android-ndk-r11c/toolchains/arm-linux-androideabi-4.9/prebuilt/linux-x86_64//bin/arm-linux-androideabi-g++
COLLECT_LTO_WRAPPER=/home/enea/Downloads/android-ndk-r11c/toolchains/arm-linux-androideabi-4.9/prebuilt/linux-x86_64/bin/../libexec/gcc/arm-linux-androideabi/4.9/lto-wrapper
Target: arm-linux-androideabi
Configured with: /usr/local/google/buildbot/src/android/gcc/toolchain/build/../gcc/gcc-4.9/configure --prefix=/tmp/002ff922da42f0f80603ab1715cd43d4 --target=arm-linux-androideabi --host=x86_64-linux-gnu --build=x86_64-linux-gnu --with-gnu-as --with-gnu-ld --enable-languages=c,c++ --with-gmp=/buildbot/tmp/build/toolchain/temp-install --with-mpfr=/buildbot/tmp/build/toolchain/temp-install --with-mpc=/buildbot/tmp/build/toolchain/temp-install --with-cloog=/buildbot/tmp/build/toolchain/temp-install --with-isl=/buildbot/tmp/build/toolchain/temp-install --with-ppl=/buildbot/tmp/build/toolchain/temp-install --disable-ppl-version-check --disable-cloog-version-check --disable-isl-version-check --enable-cloog-backend=isl --with-host-libstdcxx='-static-libgcc -Wl,-Bstatic,-lstdc++,-Bdynamic -lm' --disable-libssp --enable-threads --disable-nls --disable-libmudflap --disable-libgomp --disable-libstdc__-v3 --disable-sjlj-exceptions --disable-shared --disable-tls --disable-libitm --with-float=soft --with-fpu=vfp --with-arch=armv5te --enable-target-optspace --enable-initfini-array --disable-nls --prefix=/tmp/002ff922da42f0f80603ab1715cd43d4 --with-sysroot=/tmp/002ff922da42f0f80603ab1715cd43d4/sysroot --with-binutils-version=2.25 --with-mpfr-version=3.1.1 --with-mpc-version=1.0.1 --with-gmp-version=5.0.5 --with-gcc-version=4.9 --with-gdb-version=none --with-gxx-include-dir=/tmp/002ff922da42f0f80603ab1715cd43d4/include/c++/4.9 --with-bugurl=http://source.android.com/source/report-bugs.html --enable-languages=c,c++ --disable-bootstrap --enable-plugins --enable-libgomp --enable-gnu-indirect-function --disable-libsanitizer --enable-gold --enable-threads --enable-eh-frame-hdr-for-static --enable-graphite=yes --with-isl-version=0.11.1 --with-cloog-version=0.18.0 --with-arch=armv5te --program-transform-name='s&^&arm-linux-androideabi-&' --enable-gold=default
Thread model: posix
gcc version 4.9 20150123 (prerelease) (GCC) 
configure:4359: $? = 0
configure:4348: /home/enea/Downloads/android-ndk-r11c/toolchains/arm-linux-androideabi-4.9/prebuilt/linux-x86_64//bin/arm-linux-androideabi-g++ -V >&5
arm-linux-androideabi-g++: error: unrecognized command line option '-V'
arm-linux-androideabi-g++: fatal error: no input files
compilation terminated.
configure:4359: $? = 1
configure:4348: /home/enea/Downloads/android-ndk-r11c/toolchains/arm-linux-androideabi-4.9/prebuilt/linux-x86_64//bin/arm-linux-androideabi-g++ -qversion >&5
arm-linux-androideabi-g++: error: unrecognized command line option '-qversion'
arm-linux-androideabi-g++: fatal error: no input files
compilation terminated.
configure:4359: $? = 1
configure:4363: checking whether we are using the GNU C++ compiler
configure:4382: /home/enea/Downloads/android-ndk-r11c/toolchains/arm-linux-androideabi-4.9/prebuilt/linux-x86_64//bin/arm-linux-androideabi-g++ -c  -fPIC --sysroot=/home/enea/Downloads/android-ndk-r11c/platforms/android-24/arch-arm -I/home/enea/Downloads/android-ndk-r11c/platforms/android-24/arch-arm/usr/include -I/home/enea/Downloads/android-ndk-r11c/toolchains/arm-linux-androideabi-4.9/prebuilt/linux-x86_64//include  -fPIC --sysroot=/home/enea/Downloads/android-ndk-r11c/platforms/android-24/arch-arm -I/home/enea/Downloads/android-ndk-r11c/platforms/android-24/arch-arm/usr/include -I/home/enea/Downloads/android-ndk-r11c/toolchains/arm-linux-androideabi-4.9/prebuilt/linux-x86_64//include conftest.cpp >&5
configure:4382: $? = 0
configure:4391: result: yes
configure:4400: checking whether /home/enea/Downloads/android-ndk-r11c/toolchains/arm-linux-androideabi-4.9/prebuilt/linux-x86_64//bin/arm-linux-androideabi-g++ accepts -g
configure:4420: /home/enea/Downloads/android-ndk-r11c/toolchains/arm-linux-androideabi-4.9/prebuilt/linux-x86_64//bin/arm-linux-androideabi-g++ -c -g  -fPIC --sysroot=/home/enea/Downloads/android-ndk-r11c/platforms/android-24/arch-arm -I/home/enea/Downloads/android-ndk-r11c/platforms/android-24/arch-arm/usr/include -I/home/enea/Downloads/android-ndk-r11c/toolchains/arm-linux-androideabi-4.9/prebuilt/linux-x86_64//include conftest.cpp >&5
configure:4420: $? = 0
configure:4461: result: yes
configure:4486: checking dependency style of /home/enea/Downloads/android-ndk-r11c/toolchains/arm-linux-androideabi-4.9/prebuilt/linux-x86_64//bin/arm-linux-androideabi-g++
configure:4597: result: gcc3
configure:4641: checking build system type
configure:4655: result: x86_64-unknown-linux-gnu
configure:4675: checking host system type
configure:4688: result: arm-unknown-linux-androideabi
configure:4729: checking how to print strings
configure:4756: result: printf
configure:4777: checking for a sed that does not truncate output
configure:4841: result: /bin/sed
configure:4859: checking for grep that handles long lines and -e
configure:4917: result: /bin/grep
configure:4922: checking for egrep
configure:4984: result: /bin/grep -E
configure:4989: checking for fgrep
configure:5051: result: /bin/grep -F
configure:5086: checking for ld used by /home/enea/Downloads/android-ndk-r11c/toolchains/arm-linux-androideabi-4.9/prebuilt/linux-x86_64//bin/arm-linux-androideabi-gcc
configure:5153: result: /home/enea/Downloads/android-ndk-r11c/toolchains/arm-linux-androideabi-4.9/prebuilt/linux-x86_64//bin/arm-linux-androideabi-ld
configure:5160: checking if the linker (/home/enea/Downloads/android-ndk-r11c/toolchains/arm-linux-androideabi-4.9/prebuilt/linux-x86_64//bin/arm-linux-androideabi-ld) is GNU ld
configure:5175: result: yes
configure:5187: checking for BSD- or MS-compatible name lister (nm)
configure:5236: result: /home/enea/Downloads/android-ndk-r11c/toolchains/arm-linux-androideabi-4.9/prebuilt/linux-x86_64//bin/arm-linux-androideabi-nm
configure:5366: checking the name lister (/home/enea/Downloads/android-ndk-r11c/toolchains/arm-linux-androideabi-4.9/prebuilt/linux-x86_64//bin/arm-linux-androideabi-nm) interface
configure:5373: /home/enea/Downloads/android-ndk-r11c/toolchains/arm-linux-androideabi-4.9/prebuilt/linux-x86_64//bin/arm-linux-androideabi-gcc -c  -fPIC --sysroot=/home/enea/Downloads/android-ndk-r11c/platforms/android-24/arch-arm -I/home/enea/Downloads/android-ndk-r11c/platforms/android-24/arch-arm/usr/include -I/home/enea/Downloads/android-ndk-r11c/toolchains/arm-linux-androideabi-4.9/prebuilt/linux-x86_64//include  -fPIC --sysroot=/home/enea/Downloads/android-ndk-r11c/platforms/android-24/arch-arm -I/home/enea/Downloads/android-ndk-r11c/platforms/android-24/arch-arm/usr/include -I/home/enea/Downloads/android-ndk-r11c/toolchains/arm-linux-androideabi-4.9/prebuilt/linux-x86_64//include conftest.c >&5
configure:5376: /home/enea/Downloads/android-ndk-r11c/toolchains/arm-linux-androideabi-4.9/prebuilt/linux-x86_64//bin/arm-linux-androideabi-nm "conftest.o"
configure:5379: output
00000000 B some_variable
configure:5386: result: BSD nm
configure:5389: checking whether ln -s works
configure:5393: result: yes
configure:5401: checking the maximum length of command line arguments
configure:5532: result: 1572864
configure:5549: checking whether the shell understands some XSI constructs
configure:5559: result: yes
configure:5563: checking whether the shell understands "+="
configure:5569: result: yes
configure:5604: checking how to convert x86_64-unknown-linux-gnu file names to arm-unknown-linux-androideabi format
configure:5644: result: func_convert_file_noop
configure:5651: checking how to convert x86_64-unknown-linux-gnu file names to toolchain format
configure:5671: result: func_convert_file_noop
configure:5678: checking for /home/enea/Downloads/android-ndk-r11c/toolchains/arm-linux-androideabi-4.9/prebuilt/linux-x86_64//bin/arm-linux-androideabi-ld option to reload object files
configure:5685: result: -r
configure:5719: checking for arm-linux-androideabi-objdump
configure:5749: result: no
configure:5759: checking for objdump
configure:5775: found /usr/bin/objdump
configure:5786: result: objdump
configure:5798: WARNING: using cross tools not prefixed with host triplet
configure:5818: checking how to recognize dependent libraries
configure:6016: result: pass_all
configure:6061: checking for arm-linux-androideabi-dlltool
configure:6091: result: no
configure:6101: checking for dlltool
configure:6131: result: no
configure:6161: checking how to associate runtime and link libraries
configure:6188: result: printf %s\n
configure:6205: checking for arm-linux-androideabi-ar
configure:6232: result: /home/enea/Downloads/android-ndk-r11c/toolchains/arm-linux-androideabi-4.9/prebuilt/linux-x86_64//bin/arm-linux-androideabi-ar
configure:6313: checking for archiver @FILE support
configure:6330: /home/enea/Downloads/android-ndk-r11c/toolchains/arm-linux-androideabi-4.9/prebuilt/linux-x86_64//bin/arm-linux-androideabi-gcc -c  -fPIC --sysroot=/home/enea/Downloads/android-ndk-r11c/platforms/android-24/arch-arm -I/home/enea/Downloads/android-ndk-r11c/platforms/android-24/arch-arm/usr/include -I/home/enea/Downloads/android-ndk-r11c/toolchains/arm-linux-androideabi-4.9/prebuilt/linux-x86_64//include  -fPIC --sysroot=/home/enea/Downloads/android-ndk-r11c/platforms/android-24/arch-arm -I/home/enea/Downloads/android-ndk-r11c/platforms/android-24/arch-arm/usr/include -I/home/enea/Downloads/android-ndk-r11c/toolchains/arm-linux-androideabi-4.9/prebuilt/linux-x86_64//include conftest.c >&5
configure:6330: $? = 0
configure:6333: /home/enea/Downloads/android-ndk-r11c/toolchains/arm-linux-androideabi-4.9/prebuilt/linux-x86_64//bin/arm-linux-androideabi-ar cru libconftest.a @conftest.lst >&5
configure:6336: $? = 0
configure:6341: /home/enea/Downloads/android-ndk-r11c/toolchains/arm-linux-androideabi-4.9/prebuilt/linux-x86_64//bin/arm-linux-androideabi-ar cru libconftest.a @conftest.lst >&5
/home/enea/Downloads/android-ndk-r11c/toolchains/arm-linux-androideabi-4.9/prebuilt/linux-x86_64//bin/arm-linux-androideabi-ar: conftest.o: No such file or directory
configure:6344: $? = 1
configure:6356: result: @
configure:6374: checking for arm-linux-androideabi-strip
configure:6401: result: strip
configure:6473: checking for arm-linux-androideabi-ranlib
configure:6500: result: /home/enea/Downloads/android-ndk-r11c/toolchains/arm-linux-androideabi-4.9/prebuilt/linux-x86_64//bin/arm-linux-androideabi-ranlib
configure:6642: checking command to parse /home/enea/Downloads/android-ndk-r11c/toolchains/arm-linux-androideabi-4.9/prebuilt/linux-x86_64//bin/arm-linux-androideabi-nm output from /home/enea/Downloads/android-ndk-r11c/toolchains/arm-linux-androideabi-4.9/prebuilt/linux-x86_64//bin/arm-linux-androideabi-gcc object
configure:6762: /home/enea/Downloads/android-ndk-r11c/toolchains/arm-linux-androideabi-4.9/prebuilt/linux-x86_64//bin/arm-linux-androideabi-gcc -c  -fPIC --sysroot=/home/enea/Downloads/android-ndk-r11c/platforms/android-24/arch-arm -I/home/enea/Downloads/android-ndk-r11c/platforms/android-24/arch-arm/usr/include -I/home/enea/Downloads/android-ndk-r11c/toolchains/arm-linux-androideabi-4.9/prebuilt/linux-x86_64//include  -fPIC --sysroot=/home/enea/Downloads/android-ndk-r11c/platforms/android-24/arch-arm -I/home/enea/Downloads/android-ndk-r11c/platforms/android-24/arch-arm/usr/include -I/home/enea/Downloads/android-ndk-r11c/toolchains/arm-linux-androideabi-4.9/prebuilt/linux-x86_64//include conftest.c >&5
configure:6765: $? = 0
configure:6769: /home/enea/Downloads/android-ndk-r11c/toolchains/arm-linux-androideabi-4.9/prebuilt/linux-x86_64//bin/arm-linux-androideabi-nm conftest.o \| sed -n -e 's/^.*[ ]\([ABCDGIRSTW][ABCDGIRSTW]*\)[ ][ ]*\([_A-Za-z][_A-Za-z0-9]*\)$/\1 \2 \2/p' | sed '/ __gnu_lto/d' \> conftest.nm
configure:6772: $? = 0
configure:6838: /home/enea/Downloads/android-ndk-r11c/toolchains/arm-linux-androideabi-4.9/prebuilt/linux-x86_64//bin/arm-linux-androideabi-gcc -o conftest  -fPIC --sysroot=/home/enea/Downloads/android-ndk-r11c/platforms/android-24/arch-arm -I/home/enea/Downloads/android-ndk-r11c/platforms/android-24/arch-arm/usr/include -I/home/enea/Downloads/android-ndk-r11c/toolchains/arm-linux-androideabi-4.9/prebuilt/linux-x86_64//include  -fPIC --sysroot=/home/enea/Downloads/android-ndk-r11c/platforms/android-24/arch-arm -I/home/enea/Downloads/android-ndk-r11c/platforms/android-24/arch-arm/usr/include -I/home/enea/Downloads/android-ndk-r11c/toolchains/arm-linux-androideabi-4.9/prebuilt/linux-x86_64//include  -fPIE -L/home/enea/Downloads/android-ndk-r11c/platforms/android-24/arch-arm/usr/lib -L/home/enea/Downloads/android-ndk-r11c/toolchains/arm-linux-androideabi-4.9/prebuilt/linux-x86_64//lib conftest.c conftstm.o >&5
configure:6841: $? = 0
configure:6879: result: ok
configure:6916: checking for sysroot
configure:6946: result: /home/enea/Downloads/android-ndk-r11c/platforms/android-24/arch-arm
configure:7175: checking for arm-linux-androideabi-mt
configure:7205: result: no
configure:7215: checking for mt
configure:7231: found /bin/mt
configure:7242: result: mt
configure:7265: checking if mt is a manifest tool
configure:7271: mt '-?'
configure:7279: result: no
configure:7921: checking how to run the C preprocessor
configure:7991: result: /home/enea/Downloads/android-ndk-r11c/toolchains/arm-linux-androideabi-4.9/prebuilt/linux-x86_64//bin/arm-linux-androideabi-cpp
configure:8011: /home/enea/Downloads/android-ndk-r11c/toolchains/arm-linux-androideabi-4.9/prebuilt/linux-x86_64//bin/arm-linux-androideabi-cpp  -fPIC --sysroot=/home/enea/Downloads/android-ndk-r11c/platforms/android-24/arch-arm -I/home/enea/Downloads/android-ndk-r11c/platforms/android-24/arch-arm/usr/include -I/home/enea/Downloads/android-ndk-r11c/toolchains/arm-linux-androideabi-4.9/prebuilt/linux-x86_64//include conftest.c
configure:8011: $? = 0
configure:8025: /home/enea/Downloads/android-ndk-r11c/toolchains/arm-linux-androideabi-4.9/prebuilt/linux-x86_64//bin/arm-linux-androideabi-cpp  -fPIC --sysroot=/home/enea/Downloads/android-ndk-r11c/platforms/android-24/arch-arm -I/home/enea/Downloads/android-ndk-r11c/platforms/android-24/arch-arm/usr/include -I/home/enea/Downloads/android-ndk-r11c/toolchains/arm-linux-androideabi-4.9/prebuilt/linux-x86_64//include conftest.c
conftest.c:11:28: fatal error: ac_nonexistent.h: No such file or directory
 #include <ac_nonexistent.h>
                            ^
compilation terminated.
configure:8025: $? = 1
configure: failed program was:
| /* confdefs.h */
| #define PACKAGE_NAME "libusb"
| #define PACKAGE_TARNAME "libusb"
| #define PACKAGE_VERSION "1.0.20"
| #define PACKAGE_STRING "libusb 1.0.20"
| #define PACKAGE_BUGREPORT "libusb-devel@lists.sourceforge.net"
| #define PACKAGE_URL "http://libusb.info"
| #define PACKAGE "libusb"
| #define VERSION "1.0.20"
| /* end confdefs.h.  */
| #include <ac_nonexistent.h>
configure:8054: checking for ANSI C header files
configure:8074: /home/enea/Downloads/android-ndk-r11c/toolchains/arm-linux-androideabi-4.9/prebuilt/linux-x86_64//bin/arm-linux-androideabi-gcc -c  -fPIC --sysroot=/home/enea/Downloads/android-ndk-r11c/platforms/android-24/arch-arm -I/home/enea/Downloads/android-ndk-r11c/platforms/android-24/arch-arm/usr/include -I/home/enea/Downloads/android-ndk-r11c/toolchains/arm-linux-androideabi-4.9/prebuilt/linux-x86_64//include  -fPIC --sysroot=/home/enea/Downloads/android-ndk-r11c/platforms/android-24/arch-arm -I/home/enea/Downloads/android-ndk-r11c/platforms/android-24/arch-arm/usr/include -I/home/enea/Downloads/android-ndk-r11c/toolchains/arm-linux-androideabi-4.9/prebuilt/linux-x86_64//include conftest.c >&5
configure:8074: $? = 0
configure:8158: result: yes
configure:8171: checking for sys/types.h
configure:8171: /home/enea/Downloads/android-ndk-r11c/toolchains/arm-linux-androideabi-4.9/prebuilt/linux-x86_64//bin/arm-linux-androideabi-gcc -c  -fPIC --sysroot=/home/enea/Downloads/android-ndk-r11c/platforms/android-24/arch-arm -I/home/enea/Downloads/android-ndk-r11c/platforms/android-24/arch-arm/usr/include -I/home/enea/Downloads/android-ndk-r11c/toolchains/arm-linux-androideabi-4.9/prebuilt/linux-x86_64//include  -fPIC --sysroot=/home/enea/Downloads/android-ndk-r11c/platforms/android-24/arch-arm -I/home/enea/Downloads/android-ndk-r11c/platforms/android-24/arch-arm/usr/include -I/home/enea/Downloads/android-ndk-r11c/toolchains/arm-linux-androideabi-4.9/prebuilt/linux-x86_64//include conftest.c >&5
configure:8171: $? = 0
configure:8171: result: yes
configure:8171: checking for sys/stat.h
configure:8171: /home/enea/Downloads/android-ndk-r11c/toolchains/arm-linux-androideabi-4.9/prebuilt/linux-x86_64//bin/arm-linux-androideabi-gcc -c  -fPIC --sysroot=/home/enea/Downloads/android-ndk-r11c/platforms/android-24/arch-arm -I/home/enea/Downloads/android-ndk-r11c/platforms/android-24/arch-arm/usr/include -I/home/enea/Downloads/android-ndk-r11c/toolchains/arm-linux-androideabi-4.9/prebuilt/linux-x86_64//include  -fPIC --sysroot=/home/enea/Downloads/android-ndk-r11c/platforms/android-24/arch-arm -I/home/enea/Downloads/android-ndk-r11c/platforms/android-24/arch-arm/usr/include -I/home/enea/Downloads/android-ndk-r11c/toolchains/arm-linux-androideabi-4.9/prebuilt/linux-x86_64//include conftest.c >&5
configure:8171: $? = 0
configure:8171: result: yes
configure:8171: checking for stdlib.h
configure:8171: /home/enea/Downloads/android-ndk-r11c/toolchains/arm-linux-androideabi-4.9/prebuilt/linux-x86_64//bin/arm-linux-androideabi-gcc -c  -fPIC --sysroot=/home/enea/Downloads/android-ndk-r11c/platforms/android-24/arch-arm -I/home/enea/Downloads/android-ndk-r11c/platforms/android-24/arch-arm/usr/include -I/home/enea/Downloads/android-ndk-r11c/toolchains/arm-linux-androideabi-4.9/prebuilt/linux-x86_64//include  -fPIC --sysroot=/home/enea/Downloads/android-ndk-r11c/platforms/android-24/arch-arm -I/home/enea/Downloads/android-ndk-r11c/platforms/android-24/arch-arm/usr/include -I/home/enea/Downloads/android-ndk-r11c/toolchains/arm-linux-androideabi-4.9/prebuilt/linux-x86_64//include conftest.c >&5
configure:8171: $? = 0
configure:8171: result: yes
configure:8171: checking for string.h
configure:8171: /home/enea/Downloads/android-ndk-r11c/toolchains/arm-linux-androideabi-4.9/prebuilt/linux-x86_64//bin/arm-linux-androideabi-gcc -c  -fPIC --sysroot=/home/enea/Downloads/android-ndk-r11c/platforms/android-24/arch-arm -I/home/enea/Downloads/android-ndk-r11c/platforms/android-24/arch-arm/usr/include -I/home/enea/Downloads/android-ndk-r11c/toolchains/arm-linux-androideabi-4.9/prebuilt/linux-x86_64//include  -fPIC --sysroot=/home/enea/Downloads/android-ndk-r11c/platforms/android-24/arch-arm -I/home/enea/Downloads/android-ndk-r11c/platforms/android-24/arch-arm/usr/include -I/home/enea/Downloads/android-ndk-r11c/toolchains/arm-linux-androideabi-4.9/prebuilt/linux-x86_64//include conftest.c >&5
configure:8171: $? = 0
configure:8171: result: yes
configure:8171: checking for memory.h
configure:8171: /home/enea/Downloads/android-ndk-r11c/toolchains/arm-linux-androideabi-4.9/prebuilt/linux-x86_64//bin/arm-linux-androideabi-gcc -c  -fPIC --sysroot=/home/enea/Downloads/android-ndk-r11c/platforms/android-24/arch-arm -I/home/enea/Downloads/android-ndk-r11c/platforms/android-24/arch-arm/usr/include -I/home/enea/Downloads/android-ndk-r11c/toolchains/arm-linux-androideabi-4.9/prebuilt/linux-x86_64//include  -fPIC --sysroot=/home/enea/Downloads/android-ndk-r11c/platforms/android-24/arch-arm -I/home/enea/Downloads/android-ndk-r11c/platforms/android-24/arch-arm/usr/include -I/home/enea/Downloads/android-ndk-r11c/toolchains/arm-linux-androideabi-4.9/prebuilt/linux-x86_64//include conftest.c >&5
configure:8171: $? = 0
configure:8171: result: yes
configure:8171: checking for strings.h
configure:8171: /home/enea/Downloads/android-ndk-r11c/toolchains/arm-linux-androideabi-4.9/prebuilt/linux-x86_64//bin/arm-linux-androideabi-gcc -c  -fPIC --sysroot=/home/enea/Downloads/android-ndk-r11c/platforms/android-24/arch-arm -I/home/enea/Downloads/android-ndk-r11c/platforms/android-24/arch-arm/usr/include -I/home/enea/Downloads/android-ndk-r11c/toolchains/arm-linux-androideabi-4.9/prebuilt/linux-x86_64//include  -fPIC --sysroot=/home/enea/Downloads/android-ndk-r11c/platforms/android-24/arch-arm -I/home/enea/Downloads/android-ndk-r11c/platforms/android-24/arch-arm/usr/include -I/home/enea/Downloads/android-ndk-r11c/toolchains/arm-linux-androideabi-4.9/prebuilt/linux-x86_64//include conftest.c >&5
configure:8171: $? = 0
configure:8171: result: yes
configure:8171: checking for inttypes.h
configure:8171: /home/enea/Downloads/android-ndk-r11c/toolchains/arm-linux-androideabi-4.9/prebuilt/linux-x86_64//bin/arm-linux-androideabi-gcc -c  -fPIC --sysroot=/home/enea/Downloads/android-ndk-r11c/platforms/android-24/arch-arm -I/home/enea/Downloads/android-ndk-r11c/platforms/android-24/arch-arm/usr/include -I/home/enea/Downloads/android-ndk-r11c/toolchains/arm-linux-androideabi-4.9/prebuilt/linux-x86_64//include  -fPIC --sysroot=/home/enea/Downloads/android-ndk-r11c/platforms/android-24/arch-arm -I/home/enea/Downloads/android-ndk-r11c/platforms/android-24/arch-arm/usr/include -I/home/enea/Downloads/android-ndk-r11c/toolchains/arm-linux-androideabi-4.9/prebuilt/linux-x86_64//include conftest.c >&5
configure:8171: $? = 0
configure:8171: result: yes
configure:8171: checking for stdint.h
configure:8171: /home/enea/Downloads/android-ndk-r11c/toolchains/arm-linux-androideabi-4.9/prebuilt/linux-x86_64//bin/arm-linux-androideabi-gcc -c  -fPIC --sysroot=/home/enea/Downloads/android-ndk-r11c/platforms/android-24/arch-arm -I/home/enea/Downloads/android-ndk-r11c/platforms/android-24/arch-arm/usr/include -I/home/enea/Downloads/android-ndk-r11c/toolchains/arm-linux-androideabi-4.9/prebuilt/linux-x86_64//include  -fPIC --sysroot=/home/enea/Downloads/android-ndk-r11c/platforms/android-24/arch-arm -I/home/enea/Downloads/android-ndk-r11c/platforms/android-24/arch-arm/usr/include -I/home/enea/Downloads/android-ndk-r11c/toolchains/arm-linux-androideabi-4.9/prebuilt/linux-x86_64//include conftest.c >&5
configure:8171: $? = 0
configure:8171: result: yes
configure:8171: checking for unistd.h
configure:8171: /home/enea/Downloads/android-ndk-r11c/toolchains/arm-linux-androideabi-4.9/prebuilt/linux-x86_64//bin/arm-linux-androideabi-gcc -c  -fPIC --sysroot=/home/enea/Downloads/android-ndk-r11c/platforms/android-24/arch-arm -I/home/enea/Downloads/android-ndk-r11c/platforms/android-24/arch-arm/usr/include -I/home/enea/Downloads/android-ndk-r11c/toolchains/arm-linux-androideabi-4.9/prebuilt/linux-x86_64//include  -fPIC --sysroot=/home/enea/Downloads/android-ndk-r11c/platforms/android-24/arch-arm -I/home/enea/Downloads/android-ndk-r11c/platforms/android-24/arch-arm/usr/include -I/home/enea/Downloads/android-ndk-r11c/toolchains/arm-linux-androideabi-4.9/prebuilt/linux-x86_64//include conftest.c >&5
configure:8171: $? = 0
configure:8171: result: yes
configure:8185: checking for dlfcn.h
configure:8185: /home/enea/Downloads/android-ndk-r11c/toolchains/arm-linux-androideabi-4.9/prebuilt/linux-x86_64//bin/arm-linux-androideabi-gcc -c  -fPIC --sysroot=/home/enea/Downloads/android-ndk-r11c/platforms/android-24/arch-arm -I/home/enea/Downloads/android-ndk-r11c/platforms/android-24/arch-arm/usr/include -I/home/enea/Downloads/android-ndk-r11c/toolchains/arm-linux-androideabi-4.9/prebuilt/linux-x86_64//include  -fPIC --sysroot=/home/enea/Downloads/android-ndk-r11c/platforms/android-24/arch-arm -I/home/enea/Downloads/android-ndk-r11c/platforms/android-24/arch-arm/usr/include -I/home/enea/Downloads/android-ndk-r11c/toolchains/arm-linux-androideabi-4.9/prebuilt/linux-x86_64//include conftest.c >&5
configure:8185: $? = 0
configure:8185: result: yes
configure:8402: checking for objdir
configure:8417: result: .libs
configure:8688: checking if /home/enea/Downloads/android-ndk-r11c/toolchains/arm-linux-androideabi-4.9/prebuilt/linux-x86_64//bin/arm-linux-androideabi-gcc supports -fno-rtti -fno-exceptions
configure:8706: /home/enea/Downloads/android-ndk-r11c/toolchains/arm-linux-androideabi-4.9/prebuilt/linux-x86_64//bin/arm-linux-androideabi-gcc -c  -fPIC --sysroot=/home/enea/Downloads/android-ndk-r11c/platforms/android-24/arch-arm -I/home/enea/Downloads/android-ndk-r11c/platforms/android-24/arch-arm/usr/include -I/home/enea/Downloads/android-ndk-r11c/toolchains/arm-linux-androideabi-4.9/prebuilt/linux-x86_64//include  -fPIC --sysroot=/home/enea/Downloads/android-ndk-r11c/platforms/android-24/arch-arm -I/home/enea/Downloads/android-ndk-r11c/platforms/android-24/arch-arm/usr/include -I/home/enea/Downloads/android-ndk-r11c/toolchains/arm-linux-androideabi-4.9/prebuilt/linux-x86_64//include -fno-rtti -fno-exceptions conftest.c >&5
cc1: warning: command line option '-fno-rtti' is valid for C++/ObjC++ but not for C
configure:8710: $? = 0
configure:8723: result: no
configure:9050: checking for /home/enea/Downloads/android-ndk-r11c/toolchains/arm-linux-androideabi-4.9/prebuilt/linux-x86_64//bin/arm-linux-androideabi-gcc option to produce PIC
configure:9057: result: -fPIC -DPIC
configure:9065: checking if /home/enea/Downloads/android-ndk-r11c/toolchains/arm-linux-androideabi-4.9/prebuilt/linux-x86_64//bin/arm-linux-androideabi-gcc PIC flag -fPIC -DPIC works
configure:9083: /home/enea/Downloads/android-ndk-r11c/toolchains/arm-linux-androideabi-4.9/prebuilt/linux-x86_64//bin/arm-linux-androideabi-gcc -c  -fPIC --sysroot=/home/enea/Downloads/android-ndk-r11c/platforms/android-24/arch-arm -I/home/enea/Downloads/android-ndk-r11c/platforms/android-24/arch-arm/usr/include -I/home/enea/Downloads/android-ndk-r11c/toolchains/arm-linux-androideabi-4.9/prebuilt/linux-x86_64//include  -fPIC --sysroot=/home/enea/Downloads/android-ndk-r11c/platforms/android-24/arch-arm -I/home/enea/Downloads/android-ndk-r11c/platforms/android-24/arch-arm/usr/include -I/home/enea/Downloads/android-ndk-r11c/toolchains/arm-linux-androideabi-4.9/prebuilt/linux-x86_64//include -fPIC -DPIC -DPIC conftest.c >&5
configure:9087: $? = 0
configure:9100: result: yes
configure:9129: checking if /home/enea/Downloads/android-ndk-r11c/toolchains/arm-linux-androideabi-4.9/prebuilt/linux-x86_64//bin/arm-linux-androideabi-gcc static flag -static works
configure:9157: result: yes
configure:9172: checking if /home/enea/Downloads/android-ndk-r11c/toolchains/arm-linux-androideabi-4.9/prebuilt/linux-x86_64//bin/arm-linux-androideabi-gcc supports -c -o file.o
configure:9193: /home/enea/Downloads/android-ndk-r11c/toolchains/arm-linux-androideabi-4.9/prebuilt/linux-x86_64//bin/arm-linux-androideabi-gcc -c  -fPIC --sysroot=/home/enea/Downloads/android-ndk-r11c/platforms/android-24/arch-arm -I/home/enea/Downloads/android-ndk-r11c/platforms/android-24/arch-arm/usr/include -I/home/enea/Downloads/android-ndk-r11c/toolchains/arm-linux-androideabi-4.9/prebuilt/linux-x86_64//include  -fPIC --sysroot=/home/enea/Downloads/android-ndk-r11c/platforms/android-24/arch-arm -I/home/enea/Downloads/android-ndk-r11c/platforms/android-24/arch-arm/usr/include -I/home/enea/Downloads/android-ndk-r11c/toolchains/arm-linux-androideabi-4.9/prebuilt/linux-x86_64//include -o out/conftest2.o conftest.c >&5
configure:9197: $? = 0
configure:9219: result: yes
configure:9227: checking if /home/enea/Downloads/android-ndk-r11c/toolchains/arm-linux-androideabi-4.9/prebuilt/linux-x86_64//bin/arm-linux-androideabi-gcc supports -c -o file.o
configure:9274: result: yes
configure:9307: checking whether the /home/enea/Downloads/android-ndk-r11c/toolchains/arm-linux-androideabi-4.9/prebuilt/linux-x86_64//bin/arm-linux-androideabi-gcc linker (/home/enea/Downloads/android-ndk-r11c/toolchains/arm-linux-androideabi-4.9/prebuilt/linux-x86_64//bin/arm-linux-androideabi-ld) supports shared libraries
configure:10464: result: yes
configure:10501: checking whether -lc should be explicitly linked in
configure:10509: /home/enea/Downloads/android-ndk-r11c/toolchains/arm-linux-androideabi-4.9/prebuilt/linux-x86_64//bin/arm-linux-androideabi-gcc -c  -fPIC --sysroot=/home/enea/Downloads/android-ndk-r11c/platforms/android-24/arch-arm -I/home/enea/Downloads/android-ndk-r11c/platforms/android-24/arch-arm/usr/include -I/home/enea/Downloads/android-ndk-r11c/toolchains/arm-linux-androideabi-4.9/prebuilt/linux-x86_64//include  -fPIC --sysroot=/home/enea/Downloads/android-ndk-r11c/platforms/android-24/arch-arm -I/home/enea/Downloads/android-ndk-r11c/platforms/android-24/arch-arm/usr/include -I/home/enea/Downloads/android-ndk-r11c/toolchains/arm-linux-androideabi-4.9/prebuilt/linux-x86_64//include conftest.c >&5
configure:10512: $? = 0
configure:10527: /home/enea/Downloads/android-ndk-r11c/toolchains/arm-linux-androideabi-4.9/prebuilt/linux-x86_64//bin/arm-linux-androideabi-gcc -shared  -fPIC -DPIC conftest.o  -v -Wl,-soname -Wl,conftest -o conftest 2\>\&1 \| /bin/grep  -lc  \>/dev/null 2\>\&1
configure:10530: $? = 0
configure:10544: result: no
configure:10704: checking dynamic linker characteristics
configure:11204: /home/enea/Downloads/android-ndk-r11c/toolchains/arm-linux-androideabi-4.9/prebuilt/linux-x86_64//bin/arm-linux-androideabi-gcc -o conftest  -fPIC --sysroot=/home/enea/Downloads/android-ndk-r11c/platforms/android-24/arch-arm -I/home/enea/Downloads/android-ndk-r11c/platforms/android-24/arch-arm/usr/include -I/home/enea/Downloads/android-ndk-r11c/toolchains/arm-linux-androideabi-4.9/prebuilt/linux-x86_64//include  -fPIC --sysroot=/home/enea/Downloads/android-ndk-r11c/platforms/android-24/arch-arm -I/home/enea/Downloads/android-ndk-r11c/platforms/android-24/arch-arm/usr/include -I/home/enea/Downloads/android-ndk-r11c/toolchains/arm-linux-androideabi-4.9/prebuilt/linux-x86_64//include  -fPIE -L/home/enea/Downloads/android-ndk-r11c/platforms/android-24/arch-arm/usr/lib -L/home/enea/Downloads/android-ndk-r11c/toolchains/arm-linux-androideabi-4.9/prebuilt/linux-x86_64//lib -Wl,-rpath -Wl,/foo conftest.c  >&5
configure:11204: $? = 0
configure:11438: result: GNU/Linux ld.so
configure:11545: checking how to hardcode library paths into programs
configure:11570: result: immediate
configure:12110: checking whether stripping libraries is possible
configure:12115: result: yes
configure:12150: checking if libtool supports shared libraries
configure:12152: result: yes
configure:12155: checking whether to build shared libraries
configure:12176: result: yes
configure:12179: checking whether to build static libraries
configure:12183: result: yes
configure:12206: checking how to run the C++ preprocessor
configure:12233: /home/enea/Downloads/android-ndk-r11c/toolchains/arm-linux-androideabi-4.9/prebuilt/linux-x86_64//bin/arm-linux-androideabi-g++ -E  -fPIC --sysroot=/home/enea/Downloads/android-ndk-r11c/platforms/android-24/arch-arm -I/home/enea/Downloads/android-ndk-r11c/platforms/android-24/arch-arm/usr/include -I/home/enea/Downloads/android-ndk-r11c/toolchains/arm-linux-androideabi-4.9/prebuilt/linux-x86_64//include conftest.cpp
configure:12233: $? = 0
configure:12247: /home/enea/Downloads/android-ndk-r11c/toolchains/arm-linux-androideabi-4.9/prebuilt/linux-x86_64//bin/arm-linux-androideabi-g++ -E  -fPIC --sysroot=/home/enea/Downloads/android-ndk-r11c/platforms/android-24/arch-arm -I/home/enea/Downloads/android-ndk-r11c/platforms/android-24/arch-arm/usr/include -I/home/enea/Downloads/android-ndk-r11c/toolchains/arm-linux-androideabi-4.9/prebuilt/linux-x86_64//include conftest.cpp
conftest.cpp:23:28: fatal error: ac_nonexistent.h: No such file or directory
 #include <ac_nonexistent.h>
                            ^
compilation terminated.
configure:12247: $? = 1
configure: failed program was:
| /* confdefs.h */
| #define PACKAGE_NAME "libusb"
| #define PACKAGE_TARNAME "libusb"
| #define PACKAGE_VERSION "1.0.20"
| #define PACKAGE_STRING "libusb 1.0.20"
| #define PACKAGE_BUGREPORT "libusb-devel@lists.sourceforge.net"
| #define PACKAGE_URL "http://libusb.info"
| #define PACKAGE "libusb"
| #define VERSION "1.0.20"
| #define STDC_HEADERS 1
| #define HAVE_SYS_TYPES_H 1
| #define HAVE_SYS_STAT_H 1
| #define HAVE_STDLIB_H 1
| #define HAVE_STRING_H 1
| #define HAVE_MEMORY_H 1
| #define HAVE_STRINGS_H 1
| #define HAVE_INTTYPES_H 1
| #define HAVE_STDINT_H 1
| #define HAVE_UNISTD_H 1
| #define HAVE_DLFCN_H 1
| #define LT_OBJDIR ".libs/"
| /* end confdefs.h.  */
| #include <ac_nonexistent.h>
configure:12272: result: /home/enea/Downloads/android-ndk-r11c/toolchains/arm-linux-androideabi-4.9/prebuilt/linux-x86_64//bin/arm-linux-androideabi-g++ -E
configure:12292: /home/enea/Downloads/android-ndk-r11c/toolchains/arm-linux-androideabi-4.9/prebuilt/linux-x86_64//bin/arm-linux-androideabi-g++ -E  -fPIC --sysroot=/home/enea/Downloads/android-ndk-r11c/platforms/android-24/arch-arm -I/home/enea/Downloads/android-ndk-r11c/platforms/android-24/arch-arm/usr/include -I/home/enea/Downloads/android-ndk-r11c/toolchains/arm-linux-androideabi-4.9/prebuilt/linux-x86_64//include conftest.cpp
configure:12292: $? = 0
configure:12306: /home/enea/Downloads/android-ndk-r11c/toolchains/arm-linux-androideabi-4.9/prebuilt/linux-x86_64//bin/arm-linux-androideabi-g++ -E  -fPIC --sysroot=/home/enea/Downloads/android-ndk-r11c/platforms/android-24/arch-arm -I/home/enea/Downloads/android-ndk-r11c/platforms/android-24/arch-arm/usr/include -I/home/enea/Downloads/android-ndk-r11c/toolchains/arm-linux-androideabi-4.9/prebuilt/linux-x86_64//include conftest.cpp
conftest.cpp:23:28: fatal error: ac_nonexistent.h: No such file or directory
 #include <ac_nonexistent.h>
                            ^
compilation terminated.
configure:12306: $? = 1
configure: failed program was:
| /* confdefs.h */
| #define PACKAGE_NAME "libusb"
| #define PACKAGE_TARNAME "libusb"
| #define PACKAGE_VERSION "1.0.20"
| #define PACKAGE_STRING "libusb 1.0.20"
| #define PACKAGE_BUGREPORT "libusb-devel@lists.sourceforge.net"
| #define PACKAGE_URL "http://libusb.info"
| #define PACKAGE "libusb"
| #define VERSION "1.0.20"
| #define STDC_HEADERS 1
| #define HAVE_SYS_TYPES_H 1
| #define HAVE_SYS_STAT_H 1
| #define HAVE_STDLIB_H 1
| #define HAVE_STRING_H 1
| #define HAVE_MEMORY_H 1
| #define HAVE_STRINGS_H 1
| #define HAVE_INTTYPES_H 1
| #define HAVE_STDINT_H 1
| #define HAVE_UNISTD_H 1
| #define HAVE_DLFCN_H 1
| #define LT_OBJDIR ".libs/"
| /* end confdefs.h.  */
| #include <ac_nonexistent.h>
configure:12475: checking for ld used by /home/enea/Downloads/android-ndk-r11c/toolchains/arm-linux-androideabi-4.9/prebuilt/linux-x86_64//bin/arm-linux-androideabi-g++
configure:12542: result: /home/enea/Downloads/android-ndk-r11c/toolchains/arm-linux-androideabi-4.9/prebuilt/linux-x86_64//bin/arm-linux-androideabi-ld
configure:12549: checking if the linker (/home/enea/Downloads/android-ndk-r11c/toolchains/arm-linux-androideabi-4.9/prebuilt/linux-x86_64//bin/arm-linux-androideabi-ld) is GNU ld
configure:12564: result: yes
configure:12619: checking whether the /home/enea/Downloads/android-ndk-r11c/toolchains/arm-linux-androideabi-4.9/prebuilt/linux-x86_64//bin/arm-linux-androideabi-g++ linker (/home/enea/Downloads/android-ndk-r11c/toolchains/arm-linux-androideabi-4.9/prebuilt/linux-x86_64//bin/arm-linux-androideabi-ld) supports shared libraries
configure:13621: result: yes
configure:13657: /home/enea/Downloads/android-ndk-r11c/toolchains/arm-linux-androideabi-4.9/prebuilt/linux-x86_64//bin/arm-linux-androideabi-g++ -c  -fPIC --sysroot=/home/enea/Downloads/android-ndk-r11c/platforms/android-24/arch-arm -I/home/enea/Downloads/android-ndk-r11c/platforms/android-24/arch-arm/usr/include -I/home/enea/Downloads/android-ndk-r11c/toolchains/arm-linux-androideabi-4.9/prebuilt/linux-x86_64//include  -fPIC --sysroot=/home/enea/Downloads/android-ndk-r11c/platforms/android-24/arch-arm -I/home/enea/Downloads/android-ndk-r11c/platforms/android-24/arch-arm/usr/include -I/home/enea/Downloads/android-ndk-r11c/toolchains/arm-linux-androideabi-4.9/prebuilt/linux-x86_64//include conftest.cpp >&5
configure:13660: $? = 0
configure:14180: checking for /home/enea/Downloads/android-ndk-r11c/toolchains/arm-linux-androideabi-4.9/prebuilt/linux-x86_64//bin/arm-linux-androideabi-g++ option to produce PIC
configure:14187: result: -fPIC -DPIC
configure:14195: checking if /home/enea/Downloads/android-ndk-r11c/toolchains/arm-linux-androideabi-4.9/prebuilt/linux-x86_64//bin/arm-linux-androideabi-g++ PIC flag -fPIC -DPIC works
configure:14213: /home/enea/Downloads/android-ndk-r11c/toolchains/arm-linux-androideabi-4.9/prebuilt/linux-x86_64//bin/arm-linux-androideabi-g++ -c  -fPIC --sysroot=/home/enea/Downloads/android-ndk-r11c/platforms/android-24/arch-arm -I/home/enea/Downloads/android-ndk-r11c/platforms/android-24/arch-arm/usr/include -I/home/enea/Downloads/android-ndk-r11c/toolchains/arm-linux-androideabi-4.9/prebuilt/linux-x86_64//include  -fPIC --sysroot=/home/enea/Downloads/android-ndk-r11c/platforms/android-24/arch-arm -I/home/enea/Downloads/android-ndk-r11c/platforms/android-24/arch-arm/usr/include -I/home/enea/Downloads/android-ndk-r11c/toolchains/arm-linux-androideabi-4.9/prebuilt/linux-x86_64//include -fPIC -DPIC -DPIC conftest.cpp >&5
configure:14217: $? = 0
configure:14230: result: yes
configure:14253: checking if /home/enea/Downloads/android-ndk-r11c/toolchains/arm-linux-androideabi-4.9/prebuilt/linux-x86_64//bin/arm-linux-androideabi-g++ static flag -static works
configure:14281: result: yes
configure:14293: checking if /home/enea/Downloads/android-ndk-r11c/toolchains/arm-linux-androideabi-4.9/prebuilt/linux-x86_64//bin/arm-linux-androideabi-g++ supports -c -o file.o
configure:14314: /home/enea/Downloads/android-ndk-r11c/toolchains/arm-linux-androideabi-4.9/prebuilt/linux-x86_64//bin/arm-linux-androideabi-g++ -c  -fPIC --sysroot=/home/enea/Downloads/android-ndk-r11c/platforms/android-24/arch-arm -I/home/enea/Downloads/android-ndk-r11c/platforms/android-24/arch-arm/usr/include -I/home/enea/Downloads/android-ndk-r11c/toolchains/arm-linux-androideabi-4.9/prebuilt/linux-x86_64//include  -fPIC --sysroot=/home/enea/Downloads/android-ndk-r11c/platforms/android-24/arch-arm -I/home/enea/Downloads/android-ndk-r11c/platforms/android-24/arch-arm/usr/include -I/home/enea/Downloads/android-ndk-r11c/toolchains/arm-linux-androideabi-4.9/prebuilt/linux-x86_64//include -o out/conftest2.o conftest.cpp >&5
configure:14318: $? = 0
configure:14340: result: yes
configure:14345: checking if /home/enea/Downloads/android-ndk-r11c/toolchains/arm-linux-androideabi-4.9/prebuilt/linux-x86_64//bin/arm-linux-androideabi-g++ supports -c -o file.o
configure:14392: result: yes
configure:14422: checking whether the /home/enea/Downloads/android-ndk-r11c/toolchains/arm-linux-androideabi-4.9/prebuilt/linux-x86_64//bin/arm-linux-androideabi-g++ linker (/home/enea/Downloads/android-ndk-r11c/toolchains/arm-linux-androideabi-4.9/prebuilt/linux-x86_64//bin/arm-linux-androideabi-ld) supports shared libraries
configure:14461: result: yes
configure:14602: checking dynamic linker characteristics
configure:15270: result: GNU/Linux ld.so
configure:15323: checking how to hardcode library paths into programs
configure:15348: result: immediate
configure:15412: checking for arm-linux-androideabi-windres
configure:15442: result: no
configure:15452: checking for windres
configure:15482: result: no
configure:15586: checking for inline
configure:15602: /home/enea/Downloads/android-ndk-r11c/toolchains/arm-linux-androideabi-4.9/prebuilt/linux-x86_64//bin/arm-linux-androideabi-gcc -c  -fPIC --sysroot=/home/enea/Downloads/android-ndk-r11c/platforms/android-24/arch-arm -I/home/enea/Downloads/android-ndk-r11c/platforms/android-24/arch-arm/usr/include -I/home/enea/Downloads/android-ndk-r11c/toolchains/arm-linux-androideabi-4.9/prebuilt/linux-x86_64//include  -fPIC --sysroot=/home/enea/Downloads/android-ndk-r11c/platforms/android-24/arch-arm -I/home/enea/Downloads/android-ndk-r11c/platforms/android-24/arch-arm/usr/include -I/home/enea/Downloads/android-ndk-r11c/toolchains/arm-linux-androideabi-4.9/prebuilt/linux-x86_64//include conftest.c >&5
configure:15602: $? = 0
configure:15610: result: inline
configure:15635: checking operating system
configure:15640: result: This is a Linux-Android system
configure:15699: checking for library containing clock_gettime
configure:15730: /home/enea/Downloads/android-ndk-r11c/toolchains/arm-linux-androideabi-4.9/prebuilt/linux-x86_64//bin/arm-linux-androideabi-gcc -o conftest  -fPIC --sysroot=/home/enea/Downloads/android-ndk-r11c/platforms/android-24/arch-arm -I/home/enea/Downloads/android-ndk-r11c/platforms/android-24/arch-arm/usr/include -I/home/enea/Downloads/android-ndk-r11c/toolchains/arm-linux-androideabi-4.9/prebuilt/linux-x86_64//include  -fPIC --sysroot=/home/enea/Downloads/android-ndk-r11c/platforms/android-24/arch-arm -I/home/enea/Downloads/android-ndk-r11c/platforms/android-24/arch-arm/usr/include -I/home/enea/Downloads/android-ndk-r11c/toolchains/arm-linux-androideabi-4.9/prebuilt/linux-x86_64//include  -fPIE -L/home/enea/Downloads/android-ndk-r11c/platforms/android-24/arch-arm/usr/lib -L/home/enea/Downloads/android-ndk-r11c/toolchains/arm-linux-androideabi-4.9/prebuilt/linux-x86_64//lib conftest.c  >&5
configure:15730: $? = 0
configure:15747: result: none required
configure:15760: checking poll.h usability
configure:15760: /home/enea/Downloads/android-ndk-r11c/toolchains/arm-linux-androideabi-4.9/prebuilt/linux-x86_64//bin/arm-linux-androideabi-gcc -c  -fPIC --sysroot=/home/enea/Downloads/android-ndk-r11c/platforms/android-24/arch-arm -I/home/enea/Downloads/android-ndk-r11c/platforms/android-24/arch-arm/usr/include -I/home/enea/Downloads/android-ndk-r11c/toolchains/arm-linux-androideabi-4.9/prebuilt/linux-x86_64//include  -fPIC --sysroot=/home/enea/Downloads/android-ndk-r11c/platforms/android-24/arch-arm -I/home/enea/Downloads/android-ndk-r11c/platforms/android-24/arch-arm/usr/include -I/home/enea/Downloads/android-ndk-r11c/toolchains/arm-linux-androideabi-4.9/prebuilt/linux-x86_64//include conftest.c >&5
configure:15760: $? = 0
configure:15760: result: yes
configure:15760: checking poll.h presence
configure:15760: /home/enea/Downloads/android-ndk-r11c/toolchains/arm-linux-androideabi-4.9/prebuilt/linux-x86_64//bin/arm-linux-androideabi-cpp  -fPIC --sysroot=/home/enea/Downloads/android-ndk-r11c/platforms/android-24/arch-arm -I/home/enea/Downloads/android-ndk-r11c/platforms/android-24/arch-arm/usr/include -I/home/enea/Downloads/android-ndk-r11c/toolchains/arm-linux-androideabi-4.9/prebuilt/linux-x86_64//include conftest.c
configure:15760: $? = 0
configure:15760: result: yes
configure:15760: checking for poll.h
configure:15760: result: yes
configure:15776: checking asm/types.h usability
configure:15776: /home/enea/Downloads/android-ndk-r11c/toolchains/arm-linux-androideabi-4.9/prebuilt/linux-x86_64//bin/arm-linux-androideabi-gcc -c  -fPIC --sysroot=/home/enea/Downloads/android-ndk-r11c/platforms/android-24/arch-arm -I/home/enea/Downloads/android-ndk-r11c/platforms/android-24/arch-arm/usr/include -I/home/enea/Downloads/android-ndk-r11c/toolchains/arm-linux-androideabi-4.9/prebuilt/linux-x86_64//include  -fPIC --sysroot=/home/enea/Downloads/android-ndk-r11c/platforms/android-24/arch-arm -I/home/enea/Downloads/android-ndk-r11c/platforms/android-24/arch-arm/usr/include -I/home/enea/Downloads/android-ndk-r11c/toolchains/arm-linux-androideabi-4.9/prebuilt/linux-x86_64//include conftest.c >&5
configure:15776: $? = 0
configure:15776: result: yes
configure:15776: checking asm/types.h presence
configure:15776: /home/enea/Downloads/android-ndk-r11c/toolchains/arm-linux-androideabi-4.9/prebuilt/linux-x86_64//bin/arm-linux-androideabi-cpp  -fPIC --sysroot=/home/enea/Downloads/android-ndk-r11c/platforms/android-24/arch-arm -I/home/enea/Downloads/android-ndk-r11c/platforms/android-24/arch-arm/usr/include -I/home/enea/Downloads/android-ndk-r11c/toolchains/arm-linux-androideabi-4.9/prebuilt/linux-x86_64//include conftest.c
configure:15776: $? = 0
configure:15776: result: yes
configure:15776: checking for asm/types.h
configure:15776: result: yes
configure:15776: checking sys/socket.h usability
configure:15776: /home/enea/Downloads/android-ndk-r11c/toolchains/arm-linux-androideabi-4.9/prebuilt/linux-x86_64//bin/arm-linux-androideabi-gcc -c  -fPIC --sysroot=/home/enea/Downloads/android-ndk-r11c/platforms/android-24/arch-arm -I/home/enea/Downloads/android-ndk-r11c/platforms/android-24/arch-arm/usr/include -I/home/enea/Downloads/android-ndk-r11c/toolchains/arm-linux-androideabi-4.9/prebuilt/linux-x86_64//include  -fPIC --sysroot=/home/enea/Downloads/android-ndk-r11c/platforms/android-24/arch-arm -I/home/enea/Downloads/android-ndk-r11c/platforms/android-24/arch-arm/usr/include -I/home/enea/Downloads/android-ndk-r11c/toolchains/arm-linux-androideabi-4.9/prebuilt/linux-x86_64//include conftest.c >&5
configure:15776: $? = 0
configure:15776: result: yes
configure:15776: checking sys/socket.h presence
configure:15776: /home/enea/Downloads/android-ndk-r11c/toolchains/arm-linux-androideabi-4.9/prebuilt/linux-x86_64//bin/arm-linux-androideabi-cpp  -fPIC --sysroot=/home/enea/Downloads/android-ndk-r11c/platforms/android-24/arch-arm -I/home/enea/Downloads/android-ndk-r11c/platforms/android-24/arch-arm/usr/include -I/home/enea/Downloads/android-ndk-r11c/toolchains/arm-linux-androideabi-4.9/prebuilt/linux-x86_64//include conftest.c
configure:15776: $? = 0
configure:15776: result: yes
configure:15776: checking for sys/socket.h
configure:15776: result: yes
configure:15789: checking for linux/netlink.h
configure:15789: /home/enea/Downloads/android-ndk-r11c/toolchains/arm-linux-androideabi-4.9/prebuilt/linux-x86_64//bin/arm-linux-androideabi-gcc -c  -fPIC --sysroot=/home/enea/Downloads/android-ndk-r11c/platforms/android-24/arch-arm -I/home/enea/Downloads/android-ndk-r11c/platforms/android-24/arch-arm/usr/include -I/home/enea/Downloads/android-ndk-r11c/toolchains/arm-linux-androideabi-4.9/prebuilt/linux-x86_64//include  -fPIC --sysroot=/home/enea/Downloads/android-ndk-r11c/platforms/android-24/arch-arm -I/home/enea/Downloads/android-ndk-r11c/platforms/android-24/arch-arm/usr/include -I/home/enea/Downloads/android-ndk-r11c/toolchains/arm-linux-androideabi-4.9/prebuilt/linux-x86_64//include conftest.c >&5
configure:15789: $? = 0
configure:15789: result: yes
configure:15789: checking for linux/filter.h
configure:15789: /home/enea/Downloads/android-ndk-r11c/toolchains/arm-linux-androideabi-4.9/prebuilt/linux-x86_64//bin/arm-linux-androideabi-gcc -c  -fPIC --sysroot=/home/enea/Downloads/android-ndk-r11c/platforms/android-24/arch-arm -I/home/enea/Downloads/android-ndk-r11c/platforms/android-24/arch-arm/usr/include -I/home/enea/Downloads/android-ndk-r11c/toolchains/arm-linux-androideabi-4.9/prebuilt/linux-x86_64//include  -fPIC --sysroot=/home/enea/Downloads/android-ndk-r11c/platforms/android-24/arch-arm -I/home/enea/Downloads/android-ndk-r11c/platforms/android-24/arch-arm/usr/include -I/home/enea/Downloads/android-ndk-r11c/toolchains/arm-linux-androideabi-4.9/prebuilt/linux-x86_64//include conftest.c >&5
configure:15789: $? = 0
configure:15789: result: yes
configure:16206: checking sys/timerfd.h usability
configure:16206: /home/enea/Downloads/android-ndk-r11c/toolchains/arm-linux-androideabi-4.9/prebuilt/linux-x86_64//bin/arm-linux-androideabi-gcc -c  -fPIC --sysroot=/home/enea/Downloads/android-ndk-r11c/platforms/android-24/arch-arm -I/home/enea/Downloads/android-ndk-r11c/platforms/android-24/arch-arm/usr/include -I/home/enea/Downloads/android-ndk-r11c/toolchains/arm-linux-androideabi-4.9/prebuilt/linux-x86_64//include  -fPIC --sysroot=/home/enea/Downloads/android-ndk-r11c/platforms/android-24/arch-arm -I/home/enea/Downloads/android-ndk-r11c/platforms/android-24/arch-arm/usr/include -I/home/enea/Downloads/android-ndk-r11c/toolchains/arm-linux-androideabi-4.9/prebuilt/linux-x86_64//include conftest.c >&5
configure:16206: $? = 0
configure:16206: result: yes
configure:16206: checking sys/timerfd.h presence
configure:16206: /home/enea/Downloads/android-ndk-r11c/toolchains/arm-linux-androideabi-4.9/prebuilt/linux-x86_64//bin/arm-linux-androideabi-cpp  -fPIC --sysroot=/home/enea/Downloads/android-ndk-r11c/platforms/android-24/arch-arm -I/home/enea/Downloads/android-ndk-r11c/platforms/android-24/arch-arm/usr/include -I/home/enea/Downloads/android-ndk-r11c/toolchains/arm-linux-androideabi-4.9/prebuilt/linux-x86_64//include conftest.c
configure:16206: $? = 0
configure:16206: result: yes
configure:16206: checking for sys/timerfd.h
configure:16206: result: yes
configure:16226: checking whether TFD_NONBLOCK is declared
configure:16226: /home/enea/Downloads/android-ndk-r11c/toolchains/arm-linux-androideabi-4.9/prebuilt/linux-x86_64//bin/arm-linux-androideabi-gcc -c  -fPIC --sysroot=/home/enea/Downloads/android-ndk-r11c/platforms/android-24/arch-arm -I/home/enea/Downloads/android-ndk-r11c/platforms/android-24/arch-arm/usr/include -I/home/enea/Downloads/android-ndk-r11c/toolchains/arm-linux-androideabi-4.9/prebuilt/linux-x86_64//include  -fPIC --sysroot=/home/enea/Downloads/android-ndk-r11c/platforms/android-24/arch-arm -I/home/enea/Downloads/android-ndk-r11c/platforms/android-24/arch-arm/usr/include -I/home/enea/Downloads/android-ndk-r11c/toolchains/arm-linux-androideabi-4.9/prebuilt/linux-x86_64//include conftest.c >&5
configure:16226: $? = 0
configure:16226: result: yes
configure:16238: checking whether to use timerfd for timing
configure:16245: result: yes
configure:16256: checking for struct timespec
configure:16256: /home/enea/Downloads/android-ndk-r11c/toolchains/arm-linux-androideabi-4.9/prebuilt/linux-x86_64//bin/arm-linux-androideabi-gcc -c  -fPIC --sysroot=/home/enea/Downloads/android-ndk-r11c/platforms/android-24/arch-arm -I/home/enea/Downloads/android-ndk-r11c/platforms/android-24/arch-arm/usr/include -I/home/enea/Downloads/android-ndk-r11c/toolchains/arm-linux-androideabi-4.9/prebuilt/linux-x86_64//include  -fPIC --sysroot=/home/enea/Downloads/android-ndk-r11c/platforms/android-24/arch-arm -I/home/enea/Downloads/android-ndk-r11c/platforms/android-24/arch-arm/usr/include -I/home/enea/Downloads/android-ndk-r11c/toolchains/arm-linux-androideabi-4.9/prebuilt/linux-x86_64//include conftest.c >&5
configure:16256: $? = 0
configure:16256: /home/enea/Downloads/android-ndk-r11c/toolchains/arm-linux-androideabi-4.9/prebuilt/linux-x86_64//bin/arm-linux-androideabi-gcc -c  -fPIC --sysroot=/home/enea/Downloads/android-ndk-r11c/platforms/android-24/arch-arm -I/home/enea/Downloads/android-ndk-r11c/platforms/android-24/arch-arm/usr/include -I/home/enea/Downloads/android-ndk-r11c/toolchains/arm-linux-androideabi-4.9/prebuilt/linux-x86_64//include  -fPIC --sysroot=/home/enea/Downloads/android-ndk-r11c/platforms/android-24/arch-arm -I/home/enea/Downloads/android-ndk-r11c/platforms/android-24/arch-arm/usr/include -I/home/enea/Downloads/android-ndk-r11c/toolchains/arm-linux-androideabi-4.9/prebuilt/linux-x86_64//include conftest.c >&5
conftest.c: In function 'main':
conftest.c:70:30: error: expected expression before ')' token
 if (sizeof ((struct timespec)))
                              ^
configure:16256: $? = 1
configure: failed program was:
| /* confdefs.h */
| #define PACKAGE_NAME "libusb"
| #define PACKAGE_TARNAME "libusb"
| #define PACKAGE_VERSION "1.0.20"
| #define PACKAGE_STRING "libusb 1.0.20"
| #define PACKAGE_BUGREPORT "libusb-devel@lists.sourceforge.net"
| #define PACKAGE_URL "http://libusb.info"
| #define PACKAGE "libusb"
| #define VERSION "1.0.20"
| #define STDC_HEADERS 1
| #define HAVE_SYS_TYPES_H 1
| #define HAVE_SYS_STAT_H 1
| #define HAVE_STDLIB_H 1
| #define HAVE_STRING_H 1
| #define HAVE_MEMORY_H 1
| #define HAVE_STRINGS_H 1
| #define HAVE_INTTYPES_H 1
| #define HAVE_STDINT_H 1
| #define HAVE_UNISTD_H 1
| #define HAVE_DLFCN_H 1
| #define LT_OBJDIR ".libs/"
| #define _GNU_SOURCE 1
| #define OS_ANDROID 1
| #define HAVE_GETTIMEOFDAY 1
| #define HAVE_POLL_H 1
| #define POLL_NFDS_TYPE nfds_t
| #define HAVE_ASM_TYPES_H 1
| #define HAVE_SYS_SOCKET_H 1
| #define HAVE_LINUX_NETLINK_H 1
| #define HAVE_LINUX_FILTER_H 1
| #define THREADS_POSIX 1
| #define USBI_TIMERFD_AVAILABLE 1
| /* end confdefs.h.  */
| #include <stdio.h>
| #ifdef HAVE_SYS_TYPES_H
| # include <sys/types.h>
| #endif
| #ifdef HAVE_SYS_STAT_H
| # include <sys/stat.h>
| #endif
| #ifdef STDC_HEADERS
| # include <stdlib.h>
| # include <stddef.h>
| #else
| # ifdef HAVE_STDLIB_H
| #  include <stdlib.h>
| # endif
| #endif
| #ifdef HAVE_STRING_H
| # if !defined STDC_HEADERS && defined HAVE_MEMORY_H
| #  include <memory.h>
| # endif
| # include <string.h>
| #endif
| #ifdef HAVE_STRINGS_H
| # include <strings.h>
| #endif
| #ifdef HAVE_INTTYPES_H
| # include <inttypes.h>
| #endif
| #ifdef HAVE_STDINT_H
| # include <stdint.h>
| #endif
| #ifdef HAVE_UNISTD_H
| # include <unistd.h>
| #endif
| int
| main ()
| {
| if (sizeof ((struct timespec)))
| 	    return 0;
|   ;
|   return 0;
| }
configure:16256: result: yes
configure:16310: checking syslog.h usability
configure:16310: /home/enea/Downloads/android-ndk-r11c/toolchains/arm-linux-androideabi-4.9/prebuilt/linux-x86_64//bin/arm-linux-androideabi-gcc -c  -fPIC --sysroot=/home/enea/Downloads/android-ndk-r11c/platforms/android-24/arch-arm -I/home/enea/Downloads/android-ndk-r11c/platforms/android-24/arch-arm/usr/include -I/home/enea/Downloads/android-ndk-r11c/toolchains/arm-linux-androideabi-4.9/prebuilt/linux-x86_64//include  -fPIC --sysroot=/home/enea/Downloads/android-ndk-r11c/platforms/android-24/arch-arm -I/home/enea/Downloads/android-ndk-r11c/platforms/android-24/arch-arm/usr/include -I/home/enea/Downloads/android-ndk-r11c/toolchains/arm-linux-androideabi-4.9/prebuilt/linux-x86_64//include conftest.c >&5
configure:16310: $? = 0
configure:16310: result: yes
configure:16310: checking syslog.h presence
configure:16310: /home/enea/Downloads/android-ndk-r11c/toolchains/arm-linux-androideabi-4.9/prebuilt/linux-x86_64//bin/arm-linux-androideabi-cpp  -fPIC --sysroot=/home/enea/Downloads/android-ndk-r11c/platforms/android-24/arch-arm -I/home/enea/Downloads/android-ndk-r11c/platforms/android-24/arch-arm/usr/include -I/home/enea/Downloads/android-ndk-r11c/toolchains/arm-linux-androideabi-4.9/prebuilt/linux-x86_64//include conftest.c
configure:16310: $? = 0
configure:16310: result: yes
configure:16310: checking for syslog.h
configure:16310: result: yes
configure:16320: checking for syslog
configure:16320: /home/enea/Downloads/android-ndk-r11c/toolchains/arm-linux-androideabi-4.9/prebuilt/linux-x86_64//bin/arm-linux-androideabi-gcc -o conftest  -fPIC --sysroot=/home/enea/Downloads/android-ndk-r11c/platforms/android-24/arch-arm -I/home/enea/Downloads/android-ndk-r11c/platforms/android-24/arch-arm/usr/include -I/home/enea/Downloads/android-ndk-r11c/toolchains/arm-linux-androideabi-4.9/prebuilt/linux-x86_64//include  -fPIC --sysroot=/home/enea/Downloads/android-ndk-r11c/platforms/android-24/arch-arm -I/home/enea/Downloads/android-ndk-r11c/platforms/android-24/arch-arm/usr/include -I/home/enea/Downloads/android-ndk-r11c/toolchains/arm-linux-androideabi-4.9/prebuilt/linux-x86_64//include  -fPIE -L/home/enea/Downloads/android-ndk-r11c/platforms/android-24/arch-arm/usr/lib -L/home/enea/Downloads/android-ndk-r11c/toolchains/arm-linux-androideabi-4.9/prebuilt/linux-x86_64//lib conftest.c  >&5
configure:16320: $? = 0
configure:16320: result: yes
configure:16382: /home/enea/Downloads/android-ndk-r11c/toolchains/arm-linux-androideabi-4.9/prebuilt/linux-x86_64//bin/arm-linux-androideabi-gcc -c  -fPIC --sysroot=/home/enea/Downloads/android-ndk-r11c/platforms/android-24/arch-arm -I/home/enea/Downloads/android-ndk-r11c/platforms/android-24/arch-arm/usr/include -I/home/enea/Downloads/android-ndk-r11c/toolchains/arm-linux-androideabi-4.9/prebuilt/linux-x86_64//include -Werror -fvisibility=hidden  -fPIC --sysroot=/home/enea/Downloads/android-ndk-r11c/platforms/android-24/arch-arm -I/home/enea/Downloads/android-ndk-r11c/platforms/android-24/arch-arm/usr/include -I/home/enea/Downloads/android-ndk-r11c/toolchains/arm-linux-androideabi-4.9/prebuilt/linux-x86_64//include conftest.c >&5
configure:16382: $? = 0
configure:16410: /home/enea/Downloads/android-ndk-r11c/toolchains/arm-linux-androideabi-4.9/prebuilt/linux-x86_64//bin/arm-linux-androideabi-gcc -c  -fPIC --sysroot=/home/enea/Downloads/android-ndk-r11c/platforms/android-24/arch-arm -I/home/enea/Downloads/android-ndk-r11c/platforms/android-24/arch-arm/usr/include -I/home/enea/Downloads/android-ndk-r11c/toolchains/arm-linux-androideabi-4.9/prebuilt/linux-x86_64//include -Wno-pointer-sign  -fPIC --sysroot=/home/enea/Downloads/android-ndk-r11c/platforms/android-24/arch-arm -I/home/enea/Downloads/android-ndk-r11c/platforms/android-24/arch-arm/usr/include -I/home/enea/Downloads/android-ndk-r11c/toolchains/arm-linux-androideabi-4.9/prebuilt/linux-x86_64//include conftest.c >&5
configure:16410: $? = 0
configure:16419: checking for sigaction
configure:16419: /home/enea/Downloads/android-ndk-r11c/toolchains/arm-linux-androideabi-4.9/prebuilt/linux-x86_64//bin/arm-linux-androideabi-gcc -o conftest  -fPIC --sysroot=/home/enea/Downloads/android-ndk-r11c/platforms/android-24/arch-arm -I/home/enea/Downloads/android-ndk-r11c/platforms/android-24/arch-arm/usr/include -I/home/enea/Downloads/android-ndk-r11c/toolchains/arm-linux-androideabi-4.9/prebuilt/linux-x86_64//include  -fPIC --sysroot=/home/enea/Downloads/android-ndk-r11c/platforms/android-24/arch-arm -I/home/enea/Downloads/android-ndk-r11c/platforms/android-24/arch-arm/usr/include -I/home/enea/Downloads/android-ndk-r11c/toolchains/arm-linux-androideabi-4.9/prebuilt/linux-x86_64//include  -fPIE -L/home/enea/Downloads/android-ndk-r11c/platforms/android-24/arch-arm/usr/lib -L/home/enea/Downloads/android-ndk-r11c/toolchains/arm-linux-androideabi-4.9/prebuilt/linux-x86_64//lib conftest.c  >&5
configure:16419: $? = 0
configure:16419: result: yes
configure:16438: checking sys/time.h usability
configure:16438: /home/enea/Downloads/android-ndk-r11c/toolchains/arm-linux-androideabi-4.9/prebuilt/linux-x86_64//bin/arm-linux-androideabi-gcc -c  -fPIC --sysroot=/home/enea/Downloads/android-ndk-r11c/platforms/android-24/arch-arm -I/home/enea/Downloads/android-ndk-r11c/platforms/android-24/arch-arm/usr/include -I/home/enea/Downloads/android-ndk-r11c/toolchains/arm-linux-androideabi-4.9/prebuilt/linux-x86_64//include  -fPIC --sysroot=/home/enea/Downloads/android-ndk-r11c/platforms/android-24/arch-arm -I/home/enea/Downloads/android-ndk-r11c/platforms/android-24/arch-arm/usr/include -I/home/enea/Downloads/android-ndk-r11c/toolchains/arm-linux-androideabi-4.9/prebuilt/linux-x86_64//include conftest.c >&5
configure:16438: $? = 0
configure:16438: result: yes
configure:16438: checking sys/time.h presence
configure:16438: /home/enea/Downloads/android-ndk-r11c/toolchains/arm-linux-androideabi-4.9/prebuilt/linux-x86_64//bin/arm-linux-androideabi-cpp  -fPIC --sysroot=/home/enea/Downloads/android-ndk-r11c/platforms/android-24/arch-arm -I/home/enea/Downloads/android-ndk-r11c/platforms/android-24/arch-arm/usr/include -I/home/enea/Downloads/android-ndk-r11c/toolchains/arm-linux-androideabi-4.9/prebuilt/linux-x86_64//include conftest.c
configure:16438: $? = 0
configure:16438: result: yes
configure:16438: checking for sys/time.h
configure:16438: result: yes
configure:16450: checking for gettimeofday
configure:16450: /home/enea/Downloads/android-ndk-r11c/toolchains/arm-linux-androideabi-4.9/prebuilt/linux-x86_64//bin/arm-linux-androideabi-gcc -o conftest  -fPIC --sysroot=/home/enea/Downloads/android-ndk-r11c/platforms/android-24/arch-arm -I/home/enea/Downloads/android-ndk-r11c/platforms/android-24/arch-arm/usr/include -I/home/enea/Downloads/android-ndk-r11c/toolchains/arm-linux-androideabi-4.9/prebuilt/linux-x86_64//include  -fPIC --sysroot=/home/enea/Downloads/android-ndk-r11c/platforms/android-24/arch-arm -I/home/enea/Downloads/android-ndk-r11c/platforms/android-24/arch-arm/usr/include -I/home/enea/Downloads/android-ndk-r11c/toolchains/arm-linux-androideabi-4.9/prebuilt/linux-x86_64//include  -fPIE -L/home/enea/Downloads/android-ndk-r11c/platforms/android-24/arch-arm/usr/lib -L/home/enea/Downloads/android-ndk-r11c/toolchains/arm-linux-androideabi-4.9/prebuilt/linux-x86_64//lib conftest.c  >&5
configure:16450: $? = 0
configure:16450: result: yes
configure:16461: checking signal.h usability
configure:16461: /home/enea/Downloads/android-ndk-r11c/toolchains/arm-linux-androideabi-4.9/prebuilt/linux-x86_64//bin/arm-linux-androideabi-gcc -c  -fPIC --sysroot=/home/enea/Downloads/android-ndk-r11c/platforms/android-24/arch-arm -I/home/enea/Downloads/android-ndk-r11c/platforms/android-24/arch-arm/usr/include -I/home/enea/Downloads/android-ndk-r11c/toolchains/arm-linux-androideabi-4.9/prebuilt/linux-x86_64//include  -fPIC --sysroot=/home/enea/Downloads/android-ndk-r11c/platforms/android-24/arch-arm -I/home/enea/Downloads/android-ndk-r11c/platforms/android-24/arch-arm/usr/include -I/home/enea/Downloads/android-ndk-r11c/toolchains/arm-linux-androideabi-4.9/prebuilt/linux-x86_64//include conftest.c >&5
configure:16461: $? = 0
configure:16461: result: yes
configure:16461: checking signal.h presence
configure:16461: /home/enea/Downloads/android-ndk-r11c/toolchains/arm-linux-androideabi-4.9/prebuilt/linux-x86_64//bin/arm-linux-androideabi-cpp  -fPIC --sysroot=/home/enea/Downloads/android-ndk-r11c/platforms/android-24/arch-arm -I/home/enea/Downloads/android-ndk-r11c/platforms/android-24/arch-arm/usr/include -I/home/enea/Downloads/android-ndk-r11c/toolchains/arm-linux-androideabi-4.9/prebuilt/linux-x86_64//include conftest.c
configure:16461: $? = 0
configure:16461: result: yes
configure:16461: checking for signal.h
configure:16461: result: yes
configure:16475: checking whether CC supports -std=gnu99
configure:16488: /home/enea/Downloads/android-ndk-r11c/toolchains/arm-linux-androideabi-4.9/prebuilt/linux-x86_64//bin/arm-linux-androideabi-gcc -c -std=gnu99  -fPIC --sysroot=/home/enea/Downloads/android-ndk-r11c/platforms/android-24/arch-arm -I/home/enea/Downloads/android-ndk-r11c/platforms/android-24/arch-arm/usr/include -I/home/enea/Downloads/android-ndk-r11c/toolchains/arm-linux-androideabi-4.9/prebuilt/linux-x86_64//include conftest.c >&5
configure:16488: $? = 0
configure:16489: result: yes
configure:16628: checking that generated files are newer than configure
configure:16634: result: done
configure:16717: creating ./config.status

## ---------------------- ##
## Running config.status. ##
## ---------------------- ##

This file was extended by libusb config.status 1.0.20, which was
generated by GNU Autoconf 2.69.  Invocation command line was

  CONFIG_FILES    = 
  CONFIG_HEADERS  = 
  CONFIG_LINKS    = 
  CONFIG_COMMANDS = 
  $ ./config.status 

on cocoha2-enea

config.status:1263: creating libusb-1.0.pc
config.status:1263: creating Makefile
config.status:1263: creating libusb/Makefile
config.status:1263: creating examples/Makefile
config.status:1263: creating tests/Makefile
config.status:1263: creating doc/Makefile
config.status:1263: creating doc/doxygen.cfg
config.status:1263: creating config.h
config.status:1492: executing depfiles commands
config.status:1492: executing libtool commands

## ---------------- ##
## Cache variables. ##
## ---------------- ##

ac_cv_build=x86_64-unknown-linux-gnu
ac_cv_c_compiler_gnu=yes
ac_cv_c_inline=inline
ac_cv_cxx_compiler_gnu=yes
ac_cv_env_CCC_set=
ac_cv_env_CCC_value=
ac_cv_env_CC_set=set
ac_cv_env_CC_value=/home/enea/Downloads/android-ndk-r11c/toolchains/arm-linux-androideabi-4.9/prebuilt/linux-x86_64//bin/arm-linux-androideabi-gcc
ac_cv_env_CFLAGS_set=set
ac_cv_env_CFLAGS_value=' -fPIC --sysroot=/home/enea/Downloads/android-ndk-r11c/platforms/android-24/arch-arm -I/home/enea/Downloads/android-ndk-r11c/platforms/android-24/arch-arm/usr/include -I/home/enea/Downloads/android-ndk-r11c/toolchains/arm-linux-androideabi-4.9/prebuilt/linux-x86_64//include'
ac_cv_env_CPPFLAGS_set=set
ac_cv_env_CPPFLAGS_value=' -fPIC --sysroot=/home/enea/Downloads/android-ndk-r11c/platforms/android-24/arch-arm -I/home/enea/Downloads/android-ndk-r11c/platforms/android-24/arch-arm/usr/include -I/home/enea/Downloads/android-ndk-r11c/toolchains/arm-linux-androideabi-4.9/prebuilt/linux-x86_64//include'
ac_cv_env_CPP_set=set
ac_cv_env_CPP_value=/home/enea/Downloads/android-ndk-r11c/toolchains/arm-linux-androideabi-4.9/prebuilt/linux-x86_64//bin/arm-linux-androideabi-cpp
ac_cv_env_CXXCPP_set=
ac_cv_env_CXXCPP_value=
ac_cv_env_CXXFLAGS_set=set
ac_cv_env_CXXFLAGS_value=' -fPIC --sysroot=/home/enea/Downloads/android-ndk-r11c/platforms/android-24/arch-arm -I/home/enea/Downloads/android-ndk-r11c/platforms/android-24/arch-arm/usr/include -I/home/enea/Downloads/android-ndk-r11c/toolchains/arm-linux-androideabi-4.9/prebuilt/linux-x86_64//include'
ac_cv_env_CXX_set=set
ac_cv_env_CXX_value=/home/enea/Downloads/android-ndk-r11c/toolchains/arm-linux-androideabi-4.9/prebuilt/linux-x86_64//bin/arm-linux-androideabi-g++
ac_cv_env_LDFLAGS_set=set
ac_cv_env_LDFLAGS_value=' -fPIE -L/home/enea/Downloads/android-ndk-r11c/platforms/android-24/arch-arm/usr/lib -L/home/enea/Downloads/android-ndk-r11c/toolchains/arm-linux-androideabi-4.9/prebuilt/linux-x86_64//lib'
ac_cv_env_LIBS_set=
ac_cv_env_LIBS_value=
ac_cv_env_build_alias_set=
ac_cv_env_build_alias_value=
ac_cv_env_host_alias_set=set
ac_cv_env_host_alias_value=arm-linux-androideabi
ac_cv_env_target_alias_set=
ac_cv_env_target_alias_value=
ac_cv_func_gettimeofday=yes
ac_cv_func_sigaction=yes
ac_cv_func_syslog=yes
ac_cv_have_decl_TFD_NONBLOCK=yes
ac_cv_header_asm_types_h=yes
ac_cv_header_dlfcn_h=yes
ac_cv_header_inttypes_h=yes
ac_cv_header_linux_filter_h=yes
ac_cv_header_linux_netlink_h=yes
ac_cv_header_memory_h=yes
ac_cv_header_poll_h=yes
ac_cv_header_signal_h=yes
ac_cv_header_stdc=yes
ac_cv_header_stdint_h=yes
ac_cv_header_stdlib_h=yes
ac_cv_header_string_h=yes
ac_cv_header_strings_h=yes
ac_cv_header_sys_socket_h=yes
ac_cv_header_sys_stat_h=yes
ac_cv_header_sys_time_h=yes
ac_cv_header_sys_timerfd_h=yes
ac_cv_header_sys_types_h=yes
ac_cv_header_syslog_h=yes
ac_cv_header_unistd_h=yes
ac_cv_host=arm-unknown-linux-androideabi
ac_cv_objext=o
ac_cv_path_EGREP='/bin/grep -E'
ac_cv_path_FGREP='/bin/grep -F'
ac_cv_path_GREP=/bin/grep
ac_cv_path_SED=/bin/sed
ac_cv_path_install='/usr/bin/install -c'
ac_cv_path_mkdir=/bin/mkdir
ac_cv_prog_AR=/home/enea/Downloads/android-ndk-r11c/toolchains/arm-linux-androideabi-4.9/prebuilt/linux-x86_64//bin/arm-linux-androideabi-ar
ac_cv_prog_AWK=gawk
ac_cv_prog_CC=/home/enea/Downloads/android-ndk-r11c/toolchains/arm-linux-androideabi-4.9/prebuilt/linux-x86_64//bin/arm-linux-androideabi-gcc
ac_cv_prog_CPP=/home/enea/Downloads/android-ndk-r11c/toolchains/arm-linux-androideabi-4.9/prebuilt/linux-x86_64//bin/arm-linux-androideabi-cpp
ac_cv_prog_CXXCPP='/home/enea/Downloads/android-ndk-r11c/toolchains/arm-linux-androideabi-4.9/prebuilt/linux-x86_64//bin/arm-linux-androideabi-g++ -E'
ac_cv_prog_RANLIB=/home/enea/Downloads/android-ndk-r11c/toolchains/arm-linux-androideabi-4.9/prebuilt/linux-x86_64//bin/arm-linux-androideabi-ranlib
ac_cv_prog_STRIP=strip
ac_cv_prog_ac_ct_MANIFEST_TOOL=mt
ac_cv_prog_ac_ct_OBJDUMP=objdump
ac_cv_prog_ac_ct_STRIP=strip
ac_cv_prog_cc_c89=
ac_cv_prog_cc_g=yes
ac_cv_prog_cxx_g=yes
ac_cv_prog_make_make_set=yes
ac_cv_search_clock_gettime='none required'
ac_cv_type_struct_timespec=yes
am_cv_CC_dependencies_compiler_type=gcc3
am_cv_CXX_dependencies_compiler_type=gcc3
am_cv_make_support_nested_variables=yes
am_cv_prog_cc_c_o=yes
lt_cv_ar_at_file=@
lt_cv_archive_cmds_need_lc=no
lt_cv_deplibs_check_method=pass_all
lt_cv_file_magic_cmd='$MAGIC_CMD'
lt_cv_file_magic_test_file=
lt_cv_ld_reload_flag=-r
lt_cv_nm_interface='BSD nm'
lt_cv_objdir=.libs
lt_cv_path_LD=/home/enea/Downloads/android-ndk-r11c/toolchains/arm-linux-androideabi-4.9/prebuilt/linux-x86_64//bin/arm-linux-androideabi-ld
lt_cv_path_LDCXX=/home/enea/Downloads/android-ndk-r11c/toolchains/arm-linux-androideabi-4.9/prebuilt/linux-x86_64//bin/arm-linux-androideabi-ld
lt_cv_path_NM=/home/enea/Downloads/android-ndk-r11c/toolchains/arm-linux-androideabi-4.9/prebuilt/linux-x86_64//bin/arm-linux-androideabi-nm
lt_cv_path_mainfest_tool=no
lt_cv_prog_compiler_c_o=yes
lt_cv_prog_compiler_c_o_CXX=yes
lt_cv_prog_compiler_c_o_RC=yes
lt_cv_prog_compiler_pic='-fPIC -DPIC'
lt_cv_prog_compiler_pic_CXX='-fPIC -DPIC'
lt_cv_prog_compiler_pic_works=yes
lt_cv_prog_compiler_pic_works_CXX=yes
lt_cv_prog_compiler_rtti_exceptions=no
lt_cv_prog_compiler_static_works=yes
lt_cv_prog_compiler_static_works_CXX=yes
lt_cv_prog_gnu_ld=yes
lt_cv_prog_gnu_ldcxx=yes
lt_cv_sharedlib_from_linklib_cmd='printf %s\n'
lt_cv_shlibpath_overrides_runpath=no
lt_cv_sys_global_symbol_pipe='sed -n -e '\''s/^.*[	 ]\([ABCDGIRSTW][ABCDGIRSTW]*\)[	 ][	 ]*\([_A-Za-z][_A-Za-z0-9]*\)$/\1 \2 \2/p'\'' | sed '\''/ __gnu_lto/d'\'''
lt_cv_sys_global_symbol_to_c_name_address='sed -n -e '\''s/^: \([^ ]*\)[ ]*$/  {\"\1\", (void *) 0},/p'\'' -e '\''s/^[ABCDGIRSTW]* \([^ ]*\) \([^ ]*\)$/  {"\2", (void *) \&\2},/p'\'''
lt_cv_sys_global_symbol_to_c_name_address_lib_prefix='sed -n -e '\''s/^: \([^ ]*\)[ ]*$/  {\"\1\", (void *) 0},/p'\'' -e '\''s/^[ABCDGIRSTW]* \([^ ]*\) \(lib[^ ]*\)$/  {"\2", (void *) \&\2},/p'\'' -e '\''s/^[ABCDGIRSTW]* \([^ ]*\) \([^ ]*\)$/  {"lib\2", (void *) \&\2},/p'\'''
lt_cv_sys_global_symbol_to_cdecl='sed -n -e '\''s/^T .* \(.*\)$/extern int \1();/p'\'' -e '\''s/^[ABCDGIRSTW]* .* \(.*\)$/extern char \1;/p'\'''
lt_cv_sys_max_cmd_len=1572864
lt_cv_to_host_file_cmd=func_convert_file_noop
lt_cv_to_tool_file_cmd=func_convert_file_noop

## ----------------- ##
## Output variables. ##
## ----------------- ##

ACLOCAL='${SHELL} /home/enea/Downloads/libusb-master/missing aclocal-1.14'
AMDEPBACKSLASH='\'
AMDEP_FALSE='#'
AMDEP_TRUE=''
AMTAR='$${TAR-tar}'
AM_BACKSLASH='\'
AM_CFLAGS=' -std=gnu99 -Wall -Wundef -Wunused -Wstrict-prototypes -Werror-implicit-function-declaration -Wno-pointer-sign -Wshadow  -fvisibility=hidden'
AM_DEFAULT_V='$(AM_DEFAULT_VERBOSITY)'
AM_DEFAULT_VERBOSITY='0'
AM_V='$(V)'
AR='/home/enea/Downloads/android-ndk-r11c/toolchains/arm-linux-androideabi-4.9/prebuilt/linux-x86_64//bin/arm-linux-androideabi-ar'
AUTOCONF='${SHELL} /home/enea/Downloads/libusb-master/missing autoconf'
AUTOHEADER='${SHELL} /home/enea/Downloads/libusb-master/missing autoheader'
AUTOMAKE='${SHELL} /home/enea/Downloads/libusb-master/missing automake-1.14'
AWK='gawk'
BUILD_EXAMPLES_FALSE='#'
BUILD_EXAMPLES_TRUE=''
BUILD_TESTS_FALSE='#'
BUILD_TESTS_TRUE=''
CC='/home/enea/Downloads/android-ndk-r11c/toolchains/arm-linux-androideabi-4.9/prebuilt/linux-x86_64//bin/arm-linux-androideabi-gcc'
CCDEPMODE='depmode=gcc3'
CFLAGS=' -fPIC --sysroot=/home/enea/Downloads/android-ndk-r11c/platforms/android-24/arch-arm -I/home/enea/Downloads/android-ndk-r11c/platforms/android-24/arch-arm/usr/include -I/home/enea/Downloads/android-ndk-r11c/toolchains/arm-linux-androideabi-4.9/prebuilt/linux-x86_64//include'
CPP='/home/enea/Downloads/android-ndk-r11c/toolchains/arm-linux-androideabi-4.9/prebuilt/linux-x86_64//bin/arm-linux-androideabi-cpp'
CPPFLAGS=' -fPIC --sysroot=/home/enea/Downloads/android-ndk-r11c/platforms/android-24/arch-arm -I/home/enea/Downloads/android-ndk-r11c/platforms/android-24/arch-arm/usr/include -I/home/enea/Downloads/android-ndk-r11c/toolchains/arm-linux-androideabi-4.9/prebuilt/linux-x86_64//include'
CREATE_IMPORT_LIB_FALSE=''
CREATE_IMPORT_LIB_TRUE='#'
CXX='/home/enea/Downloads/android-ndk-r11c/toolchains/arm-linux-androideabi-4.9/prebuilt/linux-x86_64//bin/arm-linux-androideabi-g++'
CXXCPP='/home/enea/Downloads/android-ndk-r11c/toolchains/arm-linux-androideabi-4.9/prebuilt/linux-x86_64//bin/arm-linux-androideabi-g++ -E'
CXXDEPMODE='depmode=gcc3'
CXXFLAGS=' -fPIC --sysroot=/home/enea/Downloads/android-ndk-r11c/platforms/android-24/arch-arm -I/home/enea/Downloads/android-ndk-r11c/platforms/android-24/arch-arm/usr/include -I/home/enea/Downloads/android-ndk-r11c/toolchains/arm-linux-androideabi-4.9/prebuilt/linux-x86_64//include'
CYGPATH_W='echo'
DEFS='-DHAVE_CONFIG_H'
DEPDIR='.deps'
DLLTOOL='false'
DSYMUTIL=''
DUMPBIN=''
ECHO_C=''
ECHO_N='-n'
ECHO_T=''
EGREP='/bin/grep -E'
EXEEXT=''
FGREP='/bin/grep -F'
GREP='/bin/grep'
HAVE_SIGACTION_FALSE='#'
HAVE_SIGACTION_TRUE=''
INSTALL_DATA='${INSTALL} -m 644'
INSTALL_PROGRAM='${INSTALL}'
INSTALL_SCRIPT='${INSTALL}'
INSTALL_STRIP_PROGRAM='$(install_sh) -c -s'
LD='/home/enea/Downloads/android-ndk-r11c/toolchains/arm-linux-androideabi-4.9/prebuilt/linux-x86_64//bin/arm-linux-androideabi-ld'
LDFLAGS=' -fPIE -L/home/enea/Downloads/android-ndk-r11c/platforms/android-24/arch-arm/usr/lib -L/home/enea/Downloads/android-ndk-r11c/toolchains/arm-linux-androideabi-4.9/prebuilt/linux-x86_64//lib'
LIBOBJS=''
LIBS=''
LIBTOOL='$(SHELL) $(top_builddir)/libtool'
LIPO=''
LN_S='ln -s'
LTLDFLAGS='-version-info 1:0:1 -no-undefined'
LTLIBOBJS=''
MAINT=''
MAINTAINER_MODE_FALSE='#'
MAINTAINER_MODE_TRUE=''
MAKEINFO='${SHELL} /home/enea/Downloads/libusb-master/missing makeinfo'
MANIFEST_TOOL=':'
MKDIR_P='/bin/mkdir -p'
NM='/home/enea/Downloads/android-ndk-r11c/toolchains/arm-linux-androideabi-4.9/prebuilt/linux-x86_64//bin/arm-linux-androideabi-nm'
NMEDIT=''
OBJDUMP='objdump'
OBJEXT='o'
OS_ANDROID=''
OS_ANDROID_FALSE='#'
OS_ANDROID_TRUE=''
OS_DARWIN=''
OS_DARWIN_FALSE=''
OS_DARWIN_TRUE='#'
OS_HAIKU=''
OS_HAIKU_FALSE=''
OS_HAIKU_TRUE='#'
OS_LINUX=''
OS_LINUX_FALSE=''
OS_LINUX_TRUE='#'
OS_NETBSD=''
OS_NETBSD_FALSE=''
OS_NETBSD_TRUE='#'
OS_OPENBSD=''
OS_OPENBSD_FALSE=''
OS_OPENBSD_TRUE='#'
OS_WINDOWS=''
OS_WINDOWS_FALSE=''
OS_WINDOWS_TRUE='#'
OTOOL64=''
OTOOL=''
PACKAGE='libusb'
PACKAGE_BUGREPORT='libusb-devel@lists.sourceforge.net'
PACKAGE_NAME='libusb'
PACKAGE_STRING='libusb 1.0.20'
PACKAGE_TARNAME='libusb'
PACKAGE_URL='http://libusb.info'
PACKAGE_VERSION='1.0.20'
PATH_SEPARATOR=':'
RANLIB='/home/enea/Downloads/android-ndk-r11c/toolchains/arm-linux-androideabi-4.9/prebuilt/linux-x86_64//bin/arm-linux-androideabi-ranlib'
RC=''
SED='/bin/sed'
SET_MAKE=''
SHELL='/bin/bash'
STRIP='strip'
THREADS_POSIX_FALSE='#'
THREADS_POSIX_TRUE=''
USE_UDEV=''
USE_UDEV_FALSE=''
USE_UDEV_TRUE='#'
VERSION='1.0.20'
ac_ct_AR=''
ac_ct_CC=''
ac_ct_CXX=''
ac_ct_DUMPBIN=''
am__EXEEXT_FALSE=''
am__EXEEXT_TRUE='#'
am__fastdepCC_FALSE='#'
am__fastdepCC_TRUE=''
am__fastdepCXX_FALSE='#'
am__fastdepCXX_TRUE=''
am__include='include'
am__isrc=''
am__leading_dot='.'
am__nodep='_no'
am__quote=''
am__tar='$${TAR-tar} chof - "$$tardir"'
am__untar='$${TAR-tar} xf -'
bindir='${exec_prefix}/bin'
build='x86_64-unknown-linux-gnu'
build_alias=''
build_cpu='x86_64'
build_os='linux-gnu'
build_vendor='unknown'
datadir='${datarootdir}'
datarootdir='${prefix}/share'
docdir='${datarootdir}/doc/${PACKAGE_TARNAME}'
dvidir='${docdir}'
exec_prefix='${prefix}'
host='arm-unknown-linux-androideabi'
host_alias='arm-linux-androideabi'
host_cpu='arm'
host_os='linux-androideabi'
host_vendor='unknown'
htmldir='${docdir}'
includedir='${prefix}/include'
infodir='${datarootdir}/info'
install_sh='${SHELL} /home/enea/Downloads/libusb-master/install-sh'
libdir='${exec_prefix}/lib'
libexecdir='${exec_prefix}/libexec'
localedir='${datarootdir}/locale'
localstatedir='${prefix}/var'
mandir='${datarootdir}/man'
mkdir_p='$(MKDIR_P)'
oldincludedir='/usr/include'
pdfdir='${docdir}'
prefix='/home/enea/Downloads/libusb-master/out/lib'
program_transform_name='s,x,x,'
psdir='${docdir}'
sbindir='${exec_prefix}/sbin'
sharedstatedir='${prefix}/com'
sysconfdir='${prefix}/etc'
target_alias=''

## ----------- ##
## confdefs.h. ##
## ----------- ##

/* confdefs.h */
#define PACKAGE_NAME "libusb"
#define PACKAGE_TARNAME "libusb"
#define PACKAGE_VERSION "1.0.20"
#define PACKAGE_STRING "libusb 1.0.20"
#define PACKAGE_BUGREPORT "libusb-devel@lists.sourceforge.net"
#define PACKAGE_URL "http://libusb.info"
#define PACKAGE "libusb"
#define VERSION "1.0.20"
#define STDC_HEADERS 1
#define HAVE_SYS_TYPES_H 1
#define HAVE_SYS_STAT_H 1
#define HAVE_STDLIB_H 1
#define HAVE_STRING_H 1
#define HAVE_MEMORY_H 1
#define HAVE_STRINGS_H 1
#define HAVE_INTTYPES_H 1
#define HAVE_STDINT_H 1
#define HAVE_UNISTD_H 1
#define HAVE_DLFCN_H 1
#define LT_OBJDIR ".libs/"
#define _GNU_SOURCE 1
#define OS_ANDROID 1
#define HAVE_GETTIMEOFDAY 1
#define HAVE_POLL_H 1
#define POLL_NFDS_TYPE nfds_t
#define HAVE_ASM_TYPES_H 1
#define HAVE_SYS_SOCKET_H 1
#define HAVE_LINUX_NETLINK_H 1
#define HAVE_LINUX_FILTER_H 1
#define THREADS_POSIX 1
#define USBI_TIMERFD_AVAILABLE 1
#define HAVE_STRUCT_TIMESPEC 1
#define ENABLE_LOGGING 1
#define HAVE_SYSLOG_H 1
#define HAVE_SYSLOG_FUNC 1
#define DEFAULT_VISIBILITY __attribute__((visibility("default")))
#define HAVE_SYS_TIME_H 1
#define HAVE_GETTIMEOFDAY 1
#define HAVE_SIGNAL_H 1

configure: exit 0
